Log file open, 03/29/20 00:16:59
LogWindows: Failed to load 'aqProf.dll' (GetLastError=126)
LogWindows: File 'aqProf.dll' does not exist
LogWindows: Failed to load 'VtuneApi.dll' (GetLastError=126)
LogWindows: File 'VtuneApi.dll' does not exist
LogWindows: Failed to load 'VtuneApi32e.dll' (GetLastError=126)
LogWindows: File 'VtuneApi32e.dll' does not exist
LogConsoleResponse: Display: Failed to find resolution value strings in scalability ini. Falling back to default.
LogInit: Display: Running engine for game: Sci_fi_42_seconds
LogPakFile: Registered encryption key '00000000000000000000000000000000': 0 pak files mounted, 0 remain pending
LogPlatformFile: Not using cached read wrapper
LogTaskGraph: Started task graph with 5 named threads and 23 total threads with 3 sets of task threads.
LogStats: Stats thread started at 0.284062
LogD3D11RHI: Loaded GFSDK_Aftermath_Lib.x64.dll
LogICUInternationalization: ICU TimeZone Detection - Raw Offset: -5:00, Platform Override: ''
LogPluginManager: Mounting plugin Paper2D
LogPluginManager: Mounting plugin AISupport
LogPluginManager: Mounting plugin LightPropagationVolume
LogPluginManager: Mounting plugin ActorLayerUtilities
LogPluginManager: Mounting plugin CLionSourceCodeAccess
LogPluginManager: Mounting plugin CodeLiteSourceCodeAccess
LogPluginManager: Mounting plugin GitSourceControl
LogPluginManager: Mounting plugin KDevelopSourceCodeAccess
LogPluginManager: Mounting plugin NullSourceCodeAccess
LogPluginManager: Mounting plugin PerforceSourceControl
LogPluginManager: Mounting plugin SubversionSourceControl
LogPluginManager: Mounting plugin UObjectPlugin
LogPluginManager: Mounting plugin VisualStudioCodeSourceCodeAccess
LogPluginManager: Mounting plugin VisualStudioSourceCodeAccess
LogPluginManager: Mounting plugin XCodeSourceCodeAccess
LogPluginManager: Mounting plugin AssetManagerEditor
LogPluginManager: Mounting plugin CryptoKeys
LogPluginManager: Mounting plugin DataValidation
LogPluginManager: Mounting plugin FacialAnimation
LogPluginManager: Mounting plugin GameplayTagsEditor
LogPluginManager: Mounting plugin MacGraphicsSwitching
LogPluginManager: Mounting plugin MeshEditor
LogPluginManager: Mounting plugin MobileLauncherProfileWizard
LogPluginManager: Mounting plugin PluginBrowser
LogPluginManager: Mounting plugin SpeedTreeImporter
LogPluginManager: Mounting plugin DatasmithContent
LogPluginManager: Mounting plugin VariantManagerContent
LogPluginManager: Mounting plugin AlembicImporter
LogPluginManager: Mounting plugin AppleImageUtils
LogPluginManager: Mounting plugin AppleVision
LogPluginManager: Mounting plugin BackChannel
LogPluginManager: Mounting plugin CharacterAI
LogPluginManager: Mounting plugin GeometryCache
LogPluginManager: Mounting plugin HTML5Networking
LogPluginManager: Mounting plugin ProxyLODPlugin
LogPluginManager: Mounting plugin MagicLeap
LogPluginManager: Mounting plugin MagicLeapMedia
LogPluginManager: Mounting plugin AndroidMedia
LogPluginManager: Mounting plugin AvfMedia
LogPluginManager: Mounting plugin ImgMedia
LogPluginManager: Mounting plugin LinearTimecode
LogPluginManager: Mounting plugin MediaCompositing
LogPluginManager: Mounting plugin MediaPlayerEditor
LogPluginManager: Mounting plugin WebMMedia
LogPluginManager: Mounting plugin WmfMedia
LogPluginManager: Mounting plugin TcpMessaging
LogPluginManager: Mounting plugin UdpMessaging
LogPluginManager: Mounting plugin ActorSequence
LogPluginManager: Mounting plugin LevelSequenceEditor
LogPluginManager: Mounting plugin MatineeToLevelSequence
LogPluginManager: Mounting plugin NetcodeUnitTest
LogPluginManager: Mounting plugin NUTUnrealEngine4
LogPluginManager: Mounting plugin OnlineSubsystemGooglePlay
LogPluginManager: Mounting plugin OnlineSubsystemIOS
LogPluginManager: Mounting plugin OnlineSubsystem
LogPluginManager: Mounting plugin OnlineSubsystemNull
LogPluginManager: Mounting plugin OnlineSubsystemUtils
LogPluginManager: Mounting plugin LauncherChunkInstaller
LogPluginManager: Mounting plugin AndroidDeviceProfileSelector
LogPluginManager: Mounting plugin AndroidMoviePlayer
LogPluginManager: Mounting plugin AndroidPermission
LogPluginManager: Mounting plugin AppleMoviePlayer
LogPluginManager: Mounting plugin ArchVisCharacter
LogPluginManager: Mounting plugin AudioCapture
LogPluginManager: Mounting plugin CableComponent
LogPluginManager: Mounting plugin CustomMeshComponent
LogPluginManager: Mounting plugin EditableMesh
LogPluginManager: Mounting plugin ExampleDeviceProfileSelector
LogPluginManager: Mounting plugin Firebase
LogPluginManager: Mounting plugin GoogleCloudMessaging
LogPluginManager: Mounting plugin IOSDeviceProfileSelector
LogPluginManager: Mounting plugin LinuxDeviceProfileSelector
LogPluginManager: Mounting plugin LocationServicesBPLibrary
LogPluginManager: Mounting plugin MobilePatchingUtils
LogPluginManager: Mounting plugin OculusVR
LogPluginManager: Mounting plugin PhysXVehicles
LogPluginManager: Mounting plugin ProceduralMeshComponent
LogPluginManager: Mounting plugin RuntimePhysXCooking
LogPluginManager: Mounting plugin SteamVR
LogPluginManager: Mounting plugin WebMMoviePlayer
LogPluginManager: Mounting plugin WindowsMoviePlayer
LogStreaming: Display: Took  0.079s to configure plugins.
LogInit: Using libcurl 7.55.1-DEV
LogInit:  - built for x86_64-pc-win32
LogInit:  - supports SSL with OpenSSL/1.0.2h
LogInit:  - supports HTTP deflate (compression) using libz 1.2.8
LogInit:  - other features:
LogInit:      CURL_VERSION_SSL
LogInit:      CURL_VERSION_LIBZ
LogInit:      CURL_VERSION_IPV6
LogInit:      CURL_VERSION_ASYNCHDNS
LogInit:      CURL_VERSION_LARGEFILE
LogInit:      CURL_VERSION_IDN
LogInit:  CurlRequestOptions (configurable via config and command line):
LogInit:  - bVerifyPeer = true  - Libcurl will verify peer certificate
LogInit:  - bUseHttpProxy = false  - Libcurl will NOT use HTTP proxy
LogInit:  - bDontReuseConnections = false  - Libcurl will reuse connections
LogInit:  - MaxHostConnections = 16  - Libcurl will limit the number of connections to a host
LogInit:  - LocalHostAddr = Default
LogInit:  - BufferSize = 65536
LogInit: WinSock: version 1.1 (2.2), MaxSocks=32767, MaxUdp=65467
LogInit: Build: ++UE4+Release-4.21-CL-4613538
LogInit: Engine Version: 4.21.1-4613538+++UE4+Release-4.21
LogInit: Compatible Engine Version: 4.21.0-4541578+++UE4+Release-4.21
LogInit: Net CL: 4541578
LogInit: OS: Windows 10 (), CPU: Intel(R) Core(TM) i7-6700HQ CPU @ 2.60GHz, GPU: Intel(R) HD Graphics 530
LogInit: Compiled (64-bit): Nov 30 2018 04:13:25
LogInit: Compiled with Visual C++: 19.13.26129.00
LogInit: Build Configuration: Development
LogInit: Branch Name: ++UE4+Release-4.21
LogInit: Command Line: 
LogInit: Base Directory: D:/UE_4.21/Engine/Binaries/Win64/
LogInit: Installed Engine Build: 1
LogDevObjectVersion: Number of dev versions registered: 22
LogDevObjectVersion:   Dev-Blueprints (B0D832E4-1F89-4F0D-ACCF-7EB736FD4AA2): 10
LogDevObjectVersion:   Dev-Build (E1C64328-A22C-4D53-A36C-8E866417BD8C): 0
LogDevObjectVersion:   Dev-Core (375EC13C-06E4-48FB-B500-84F0262A717E): 2
LogDevObjectVersion:   Dev-Editor (E4B068ED-F494-42E9-A231-DA0B2E46BB41): 26
LogDevObjectVersion:   Dev-Framework (CFFC743F-43B0-4480-9391-14DF171D2073): 34
LogDevObjectVersion:   Dev-Mobile (B02B49B5-BB20-44E9-A304-32B752E40360): 2
LogDevObjectVersion:   Dev-Networking (A4E4105C-59A1-49B5-A7C5-40C4547EDFEE): 0
LogDevObjectVersion:   Dev-Online (39C831C9-5AE6-47DC-9A44-9C173E1C8E7C): 0
LogDevObjectVersion:   Dev-Physics (78F01B33-EBEA-4F98-B9B4-84EACCB95AA2): 0
LogDevObjectVersion:   Dev-Platform (6631380F-2D4D-43E0-8009-CF276956A95A): 0
LogDevObjectVersion:   Dev-Rendering (12F88B9F-8875-4AFC-A67C-D90C383ABD29): 27
LogDevObjectVersion:   Dev-Sequencer (7B5AE74C-D270-4C10-A958-57980B212A5A): 9
LogDevObjectVersion:   Dev-VR (D7296918-1DD6-4BDD-9DE2-64A83CC13884): 2
LogDevObjectVersion:   Dev-LoadTimes (C2A15278-BFE7-4AFE-6C17-90FF531DF755): 1
LogDevObjectVersion:   Private-Geometry (6EACA3D4-40EC-4CC1-B786-8BED09428FC5): 3
LogDevObjectVersion:   Dev-AnimPhys (29E575DD-E0A3-4627-9D10-D276232CDCEA): 17
LogDevObjectVersion:   Dev-Anim (AF43A65D-7FD3-4947-9873-3E8ED9C1BB05): 2
LogDevObjectVersion:   Dev-ReflectionCapture (6B266CEC-1EC7-4B8F-A30B-E4D90942FC07): 1
LogDevObjectVersion:   Dev-Automation (0DF73D61-A23F-47EA-B727-89E90C41499A): 1
LogDevObjectVersion:   FortniteMain (601D1886-AC64-4F84-AA16-D3DE0DEAC7D6): 17
LogDevObjectVersion:   Dev-Enterprise (9DFFBCD6-494F-0158-E221-12823C92A888): 4
LogDevObjectVersion:   Dev-Niagara (F2AED0AC-9AFE-416F-8664-AA7FFA26D6FC): 1
LogStreaming: Display: Took  0.001s to delete old logs.
LogInit: Presizing for max 8388607 objects, including 0 objects not considered by GC, pre-allocating 0 bytes for permanent pool.
LogInit: Object subsystem initialized
LogConfig: Setting CVar [[con.DebugEarlyDefault:1]]
LogConfig: Setting CVar [[r.setres:1280x720]]
[2020.03.29-04.16.59:732][  0]LogConfig: Setting CVar [[r.VSync:0]]
[2020.03.29-04.16.59:732][  0]LogConfig: Setting CVar [[r.RHICmdBypass:0]]
[2020.03.29-04.16.59:732][  0]LogConfig: Applying CVar settings from Section [/Script/Engine.RendererSettings] File [D:/GitHub/42Seconds/Sci_fi_42_seconds/Saved/Config/Windows/Engine.ini]
[2020.03.29-04.16.59:732][  0]LogConfig: Setting CVar [[r.GPUCrashDebugging:0]]
[2020.03.29-04.16.59:732][  0]LogConfig: Applying CVar settings from Section [/Script/Engine.RendererOverrideSettings] File [D:/GitHub/42Seconds/Sci_fi_42_seconds/Saved/Config/Windows/Engine.ini]
[2020.03.29-04.16.59:732][  0]LogConfig: Applying CVar settings from Section [/Script/Engine.StreamingSettings] File [D:/GitHub/42Seconds/Sci_fi_42_seconds/Saved/Config/Windows/Engine.ini]
[2020.03.29-04.16.59:732][  0]LogConfig: Setting CVar [[s.MinBulkDataSizeForAsyncLoading:131072]]
[2020.03.29-04.16.59:732][  0]LogConfig: Setting CVar [[s.AsyncLoadingThreadEnabled:0]]
[2020.03.29-04.16.59:732][  0]LogConfig: Setting CVar [[s.EventDrivenLoaderEnabled:1]]
[2020.03.29-04.16.59:732][  0]LogConfig: Setting CVar [[s.WarnIfTimeLimitExceeded:0]]
[2020.03.29-04.16.59:732][  0]LogConfig: Setting CVar [[s.TimeLimitExceededMultiplier:1.5]]
[2020.03.29-04.16.59:732][  0]LogConfig: Setting CVar [[s.TimeLimitExceededMinTime:0.005]]
[2020.03.29-04.16.59:732][  0]LogConfig: Setting CVar [[s.UseBackgroundLevelStreaming:1]]
[2020.03.29-04.16.59:732][  0]LogConfig: Setting CVar [[s.PriorityAsyncLoadingExtraTime:15.0]]
[2020.03.29-04.16.59:732][  0]LogConfig: Setting CVar [[s.LevelStreamingActorsUpdateTimeLimit:5.0]]
[2020.03.29-04.16.59:732][  0]LogConfig: Setting CVar [[s.PriorityLevelStreamingActorsUpdateExtraTime:5.0]]
[2020.03.29-04.16.59:732][  0]LogConfig: Setting CVar [[s.LevelStreamingComponentsRegistrationGranularity:10]]
[2020.03.29-04.16.59:732][  0]LogConfig: Setting CVar [[s.UnregisterComponentsTimeLimit:1.0]]
[2020.03.29-04.16.59:733][  0]LogConfig: Setting CVar [[s.LevelStreamingComponentsUnregistrationGranularity:5]]
[2020.03.29-04.16.59:733][  0]LogConfig: Applying CVar settings from Section [/Script/Engine.GarbageCollectionSettings] File [D:/GitHub/42Seconds/Sci_fi_42_seconds/Saved/Config/Windows/Engine.ini]
[2020.03.29-04.16.59:733][  0]LogConfig: Setting CVar [[gc.MaxObjectsNotConsideredByGC:1]]
[2020.03.29-04.16.59:733][  0]LogConfig: Setting CVar [[gc.SizeOfPermanentObjectPool:0]]
[2020.03.29-04.16.59:733][  0]LogConfig: Setting CVar [[gc.FlushStreamingOnGC:0]]
[2020.03.29-04.16.59:733][  0]LogConfig: Setting CVar [[gc.NumRetriesBeforeForcingGC:10]]
[2020.03.29-04.16.59:733][  0]LogConfig: Setting CVar [[gc.AllowParallelGC:1]]
[2020.03.29-04.16.59:733][  0]LogConfig: Setting CVar [[gc.TimeBetweenPurgingPendingKillObjects:61.1]]
[2020.03.29-04.16.59:733][  0]LogConfig: Setting CVar [[gc.MaxObjectsInEditor:8388607]]
[2020.03.29-04.16.59:733][  0]LogConfig: Setting CVar [[gc.IncrementalBeginDestroyEnabled:1]]
[2020.03.29-04.16.59:733][  0]LogConfig: Setting CVar [[gc.CreateGCClusters:1]]
[2020.03.29-04.16.59:733][  0]LogConfig: Setting CVar [[gc.MergeGCClusters:0]]
[2020.03.29-04.16.59:733][  0]LogConfig: Setting CVar [[gc.MinGCClusterSize:5]]
[2020.03.29-04.16.59:733][  0]LogConfig: Setting CVar [[gc.ActorClusteringEnabled:0]]
[2020.03.29-04.16.59:733][  0]LogConfig: Setting CVar [[gc.BlueprintClusteringEnabled:0]]
[2020.03.29-04.16.59:733][  0]LogConfig: Setting CVar [[gc.UseDisregardForGCOnDedicatedServers:0]]
[2020.03.29-04.16.59:733][  0]LogConfig: Applying CVar settings from Section [/Script/Engine.NetworkSettings] File [D:/GitHub/42Seconds/Sci_fi_42_seconds/Saved/Config/Windows/Engine.ini]
[2020.03.29-04.16.59:733][  0]LogConfig: Applying CVar settings from Section [/Script/UnrealEd.CookerSettings] File [D:/GitHub/42Seconds/Sci_fi_42_seconds/Saved/Config/Windows/Engine.ini]
[2020.03.29-04.16.59:738][  0]LogConfig: Applying CVar settings from Section [ViewDistanceQuality@3] File [D:/GitHub/42Seconds/Sci_fi_42_seconds/Saved/Config/Windows/Scalability.ini]
[2020.03.29-04.16.59:738][  0]LogConfig: Setting CVar [[r.SkeletalMeshLODBias:0]]
[2020.03.29-04.16.59:738][  0]LogConfig: Setting CVar [[r.ViewDistanceScale:1.0]]
[2020.03.29-04.16.59:738][  0]LogConfig: Applying CVar settings from Section [AntiAliasingQuality@3] File [D:/GitHub/42Seconds/Sci_fi_42_seconds/Saved/Config/Windows/Scalability.ini]
[2020.03.29-04.16.59:738][  0]LogConfig: Setting CVar [[r.PostProcessAAQuality:4]]
[2020.03.29-04.16.59:738][  0]LogConfig: Applying CVar settings from Section [ShadowQuality@3] File [D:/GitHub/42Seconds/Sci_fi_42_seconds/Saved/Config/Windows/Scalability.ini]
[2020.03.29-04.16.59:738][  0]LogConfig: Setting CVar [[r.LightFunctionQuality:1]]
[2020.03.29-04.16.59:738][  0]LogConfig: Setting CVar [[r.ShadowQuality:5]]
[2020.03.29-04.16.59:738][  0]LogConfig: Setting CVar [[r.Shadow.CSM.MaxCascades:10]]
[2020.03.29-04.16.59:738][  0]LogConfig: Setting CVar [[r.Shadow.MaxResolution:2048]]
[2020.03.29-04.16.59:738][  0]LogConfig: Setting CVar [[r.Shadow.MaxCSMResolution:2048]]
[2020.03.29-04.16.59:738][  0]LogConfig: Setting CVar [[r.Shadow.RadiusThreshold:0.01]]
[2020.03.29-04.16.59:738][  0]LogConfig: Setting CVar [[r.Shadow.DistanceScale:1.0]]
[2020.03.29-04.16.59:739][  0]LogConfig: Setting CVar [[r.Shadow.CSM.TransitionScale:1.0]]
[2020.03.29-04.16.59:739][  0]LogConfig: Setting CVar [[r.Shadow.PreShadowResolutionFactor:1.0]]
[2020.03.29-04.16.59:739][  0]LogConfig: Setting CVar [[r.DistanceFieldShadowing:1]]
[2020.03.29-04.16.59:739][  0]LogConfig: Setting CVar [[r.DistanceFieldAO:1]]
[2020.03.29-04.16.59:739][  0]LogConfig: Setting CVar [[r.AOQuality:2]]
[2020.03.29-04.16.59:739][  0]LogConfig: Setting CVar [[r.VolumetricFog:1]]
[2020.03.29-04.16.59:739][  0]LogConfig: Setting CVar [[r.VolumetricFog.GridPixelSize:8]]
[2020.03.29-04.16.59:739][  0]LogConfig: Setting CVar [[r.VolumetricFog.GridSizeZ:128]]
[2020.03.29-04.16.59:739][  0]LogConfig: Setting CVar [[r.VolumetricFog.HistoryMissSupersampleCount:4]]
[2020.03.29-04.16.59:739][  0]LogConfig: Setting CVar [[r.LightMaxDrawDistanceScale:1]]
[2020.03.29-04.16.59:739][  0]LogConfig: Setting CVar [[r.CapsuleShadows:1]]
[2020.03.29-04.16.59:739][  0]LogConfig: Applying CVar settings from Section [PostProcessQuality@3] File [D:/GitHub/42Seconds/Sci_fi_42_seconds/Saved/Config/Windows/Scalability.ini]
[2020.03.29-04.16.59:739][  0]LogConfig: Setting CVar [[r.MotionBlurQuality:4]]
[2020.03.29-04.16.59:739][  0]LogConfig: Setting CVar [[r.AmbientOcclusionMipLevelFactor:0.4]]
[2020.03.29-04.16.59:739][  0]LogConfig: Setting CVar [[r.AmbientOcclusionMaxQuality:100]]
[2020.03.29-04.16.59:739][  0]LogConfig: Setting CVar [[r.AmbientOcclusionLevels:-1]]
[2020.03.29-04.16.59:739][  0]LogConfig: Setting CVar [[r.AmbientOcclusionRadiusScale:1.0]]
[2020.03.29-04.16.59:739][  0]LogConfig: Setting CVar [[r.DepthOfFieldQuality:2]]
[2020.03.29-04.16.59:739][  0]LogConfig: Setting CVar [[r.RenderTargetPoolMin:400]]
[2020.03.29-04.16.59:739][  0]LogConfig: Setting CVar [[r.LensFlareQuality:2]]
[2020.03.29-04.16.59:739][  0]LogConfig: Setting CVar [[r.SceneColorFringeQuality:1]]
[2020.03.29-04.16.59:739][  0]LogConfig: Setting CVar [[r.EyeAdaptationQuality:2]]
[2020.03.29-04.16.59:739][  0]LogConfig: Setting CVar [[r.BloomQuality:5]]
[2020.03.29-04.16.59:739][  0]LogConfig: Setting CVar [[r.FastBlurThreshold:100]]
[2020.03.29-04.16.59:739][  0]LogConfig: Setting CVar [[r.Upscale.Quality:3]]
[2020.03.29-04.16.59:739][  0]LogConfig: Setting CVar [[r.Tonemapper.GrainQuantization:1]]
[2020.03.29-04.16.59:739][  0]LogConfig: Setting CVar [[r.LightShaftQuality:1]]
[2020.03.29-04.16.59:739][  0]LogConfig: Setting CVar [[r.Filter.SizeScale:1]]
[2020.03.29-04.16.59:739][  0]LogConfig: Setting CVar [[r.Tonemapper.Quality:5]]
[2020.03.29-04.16.59:739][  0]LogConfig: Setting CVar [[r.DOF.Gather.AccumulatorQuality:1        ; higher gathering accumulator quality]]
[2020.03.29-04.16.59:739][  0]LogConfig: Setting CVar [[r.DOF.Gather.PostfilterMethod:1          ; Median3x3 postfilering method]]
[2020.03.29-04.16.59:739][  0]LogConfig: Setting CVar [[r.DOF.Gather.EnableBokehSettings:0       ; no bokeh simulation when gathering]]
[2020.03.29-04.16.59:739][  0]LogConfig: Setting CVar [[r.DOF.Gather.RingCount:4                 ; medium number of samples when gathering]]
[2020.03.29-04.16.59:739][  0]LogConfig: Setting CVar [[r.DOF.Scatter.ForegroundCompositing:1    ; additive foreground scattering]]
[2020.03.29-04.16.59:740][  0]LogConfig: Setting CVar [[r.DOF.Scatter.BackgroundCompositing:2    ; additive background scattering]]
[2020.03.29-04.16.59:740][  0]LogConfig: Setting CVar [[r.DOF.Scatter.EnableBokehSettings:1      ; bokeh simulation when scattering]]
[2020.03.29-04.16.59:740][  0]LogConfig: Setting CVar [[r.DOF.Scatter.MaxSpriteRatio:0.1         ; only a maximum of 10% of scattered bokeh]]
[2020.03.29-04.16.59:740][  0]LogConfig: Setting CVar [[r.DOF.Recombine.Quality:1                ; cheap slight out of focus]]
[2020.03.29-04.16.59:740][  0]LogConfig: Setting CVar [[r.DOF.Recombine.EnableBokehSettings:0    ; no bokeh simulation on slight out of focus]]
[2020.03.29-04.16.59:740][  0]LogConfig: Setting CVar [[r.DOF.TemporalAAQuality:1                ; more stable temporal accumulation]]
[2020.03.29-04.16.59:740][  0]LogConfig: Setting CVar [[r.DOF.Kernel.MaxForegroundRadius:0.025]]
[2020.03.29-04.16.59:740][  0]LogConfig: Setting CVar [[r.DOF.Kernel.MaxBackgroundRadius:0.025]]
[2020.03.29-04.16.59:740][  0]LogConfig: Applying CVar settings from Section [TextureQuality@3] File [D:/GitHub/42Seconds/Sci_fi_42_seconds/Saved/Config/Windows/Scalability.ini]
[2020.03.29-04.16.59:740][  0]LogConfig: Setting CVar [[r.Streaming.MipBias:0]]
[2020.03.29-04.16.59:740][  0]LogConfig: Setting CVar [[r.Streaming.AmortizeCPUToGPUCopy:0]]
[2020.03.29-04.16.59:740][  0]LogConfig: Setting CVar [[r.Streaming.MaxNumTexturesToStreamPerFrame:0]]
[2020.03.29-04.16.59:740][  0]LogConfig: Setting CVar [[r.Streaming.Boost:1]]
[2020.03.29-04.16.59:740][  0]LogConfig: Setting CVar [[r.MaxAnisotropy:8]]
[2020.03.29-04.16.59:740][  0]LogConfig: Setting CVar [[r.Streaming.LimitPoolSizeToVRAM:0]]
[2020.03.29-04.16.59:740][  0]LogConfig: Setting CVar [[r.Streaming.PoolSize:1000]]
[2020.03.29-04.16.59:740][  0]LogConfig: Setting CVar [[r.Streaming.MaxEffectiveScreenSize:0]]
[2020.03.29-04.16.59:740][  0]LogConfig: Applying CVar settings from Section [EffectsQuality@3] File [D:/GitHub/42Seconds/Sci_fi_42_seconds/Saved/Config/Windows/Scalability.ini]
[2020.03.29-04.16.59:740][  0]LogConfig: Setting CVar [[r.TranslucencyLightingVolumeDim:64]]
[2020.03.29-04.16.59:740][  0]LogConfig: Setting CVar [[r.RefractionQuality:2]]
[2020.03.29-04.16.59:740][  0]LogConfig: Setting CVar [[r.SSR.Quality:3]]
[2020.03.29-04.16.59:740][  0]LogConfig: Setting CVar [[r.SceneColorFormat:4]]
[2020.03.29-04.16.59:740][  0]LogConfig: Setting CVar [[r.DetailMode:2]]
[2020.03.29-04.16.59:740][  0]LogConfig: Setting CVar [[r.TranslucencyVolumeBlur:1]]
[2020.03.29-04.16.59:740][  0]LogConfig: Setting CVar [[r.MaterialQualityLevel:1 ; High quality]]
[2020.03.29-04.16.59:740][  0]LogConfig: Setting CVar [[r.SSS.Scale:1]]
[2020.03.29-04.16.59:740][  0]LogConfig: Setting CVar [[r.SSS.SampleSet:2]]
[2020.03.29-04.16.59:740][  0]LogConfig: Setting CVar [[r.SSS.Quality:1]]
[2020.03.29-04.16.59:740][  0]LogConfig: Setting CVar [[r.SSS.HalfRes:1]]
[2020.03.29-04.16.59:740][  0]LogConfig: Setting CVar [[r.EmitterSpawnRateScale:1.0]]
[2020.03.29-04.16.59:740][  0]LogConfig: Setting CVar [[r.ParticleLightQuality:2]]
[2020.03.29-04.16.59:740][  0]LogConfig: Applying CVar settings from Section [FoliageQuality@3] File [D:/GitHub/42Seconds/Sci_fi_42_seconds/Saved/Config/Windows/Scalability.ini]
[2020.03.29-04.16.59:740][  0]LogConfig: Setting CVar [[foliage.DensityScale:1.0]]
[2020.03.29-04.16.59:740][  0]LogConfig: Setting CVar [[grass.DensityScale:1.0]]
[2020.03.29-04.16.59:741][  0]LogInit: Selected Device Profile: [Windows]
[2020.03.29-04.16.59:741][  0]LogInit: Applying CVar settings loaded from the selected device profile: [Windows]
[2020.03.29-04.16.59:759][  0]LogHAL: Display: Platform has ~ 16 GB [17017741312 / 17179869184 / 16], which maps to Larger [LargestMinGB=32, LargerMinGB=12, DefaultMinGB=8, SmallerMinGB=6, SmallestMinGB=0)
[2020.03.29-04.16.59:759][  0]LogConfig: Setting CVar [[r.Vulkan.UseRealUBs:1]]
[2020.03.29-04.16.59:760][  0]LogInit: Going up to parent DeviceProfile []
[2020.03.29-04.16.59:760][  0]LogConfig: Applying CVar settings from Section [ViewDistanceQuality@2] File [D:/GitHub/42Seconds/Sci_fi_42_seconds/Saved/Config/Windows/Scalability.ini]
[2020.03.29-04.16.59:760][  0]LogConfig: Setting CVar [[r.SkeletalMeshLODBias:0]]
[2020.03.29-04.16.59:760][  0]LogConfig: Setting CVar [[r.ViewDistanceScale:0.8]]
[2020.03.29-04.16.59:760][  0]LogConfig: Applying CVar settings from Section [AntiAliasingQuality@2] File [D:/GitHub/42Seconds/Sci_fi_42_seconds/Saved/Config/Windows/Scalability.ini]
[2020.03.29-04.16.59:760][  0]LogConfig: Setting CVar [[r.PostProcessAAQuality:3]]
[2020.03.29-04.16.59:760][  0]LogConfig: Applying CVar settings from Section [ShadowQuality@2] File [D:/GitHub/42Seconds/Sci_fi_42_seconds/Saved/Config/Windows/Scalability.ini]
[2020.03.29-04.16.59:760][  0]LogConfig: Setting CVar [[r.LightFunctionQuality:1]]
[2020.03.29-04.16.59:760][  0]LogConfig: Setting CVar [[r.ShadowQuality:5]]
[2020.03.29-04.16.59:760][  0]LogConfig: Setting CVar [[r.Shadow.CSM.MaxCascades:4]]
[2020.03.29-04.16.59:760][  0]LogConfig: Setting CVar [[r.Shadow.MaxResolution:1024]]
[2020.03.29-04.16.59:760][  0]LogConfig: Setting CVar [[r.Shadow.MaxCSMResolution:2048]]
[2020.03.29-04.16.59:760][  0]LogConfig: Setting CVar [[r.Shadow.RadiusThreshold:0.04]]
[2020.03.29-04.16.59:760][  0]LogConfig: Setting CVar [[r.Shadow.DistanceScale:0.85]]
[2020.03.29-04.16.59:760][  0]LogConfig: Setting CVar [[r.Shadow.CSM.TransitionScale:0.8]]
[2020.03.29-04.16.59:760][  0]LogConfig: Setting CVar [[r.Shadow.PreShadowResolutionFactor:0.5]]
[2020.03.29-04.16.59:760][  0]LogConfig: Setting CVar [[r.DistanceFieldShadowing:1]]
[2020.03.29-04.16.59:760][  0]LogConfig: Setting CVar [[r.DistanceFieldAO:1]]
[2020.03.29-04.16.59:760][  0]LogConfig: Setting CVar [[r.AOQuality:1]]
[2020.03.29-04.16.59:760][  0]LogConfig: Setting CVar [[r.VolumetricFog:1]]
[2020.03.29-04.16.59:760][  0]LogConfig: Setting CVar [[r.VolumetricFog.GridPixelSize:16]]
[2020.03.29-04.16.59:760][  0]LogConfig: Setting CVar [[r.VolumetricFog.GridSizeZ:64]]
[2020.03.29-04.16.59:760][  0]LogConfig: Setting CVar [[r.VolumetricFog.HistoryMissSupersampleCount:4]]
[2020.03.29-04.16.59:760][  0]LogConfig: Setting CVar [[r.LightMaxDrawDistanceScale:1]]
[2020.03.29-04.16.59:760][  0]LogConfig: Setting CVar [[r.CapsuleShadows:1]]
[2020.03.29-04.16.59:760][  0]LogConfig: Applying CVar settings from Section [PostProcessQuality@2] File [D:/GitHub/42Seconds/Sci_fi_42_seconds/Saved/Config/Windows/Scalability.ini]
[2020.03.29-04.16.59:760][  0]LogConfig: Setting CVar [[r.MotionBlurQuality:3]]
[2020.03.29-04.16.59:760][  0]LogConfig: Setting CVar [[r.AmbientOcclusionMipLevelFactor:0.6]]
[2020.03.29-04.16.59:760][  0]LogConfig: Setting CVar [[r.AmbientOcclusionMaxQuality:100]]
[2020.03.29-04.16.59:760][  0]LogConfig: Setting CVar [[r.AmbientOcclusionLevels:-1]]
[2020.03.29-04.16.59:760][  0]LogConfig: Setting CVar [[r.AmbientOcclusionRadiusScale:1.5]]
[2020.03.29-04.16.59:760][  0]LogConfig: Setting CVar [[r.DepthOfFieldQuality:2]]
[2020.03.29-04.16.59:760][  0]LogConfig: Setting CVar [[r.RenderTargetPoolMin:400]]
[2020.03.29-04.16.59:760][  0]LogConfig: Setting CVar [[r.LensFlareQuality:2]]
[2020.03.29-04.16.59:760][  0]LogConfig: Setting CVar [[r.SceneColorFringeQuality:1]]
[2020.03.29-04.16.59:760][  0]LogConfig: Setting CVar [[r.EyeAdaptationQuality:2]]
[2020.03.29-04.16.59:760][  0]LogConfig: Setting CVar [[r.BloomQuality:5]]
[2020.03.29-04.16.59:760][  0]LogConfig: Setting CVar [[r.FastBlurThreshold:3]]
[2020.03.29-04.16.59:760][  0]LogConfig: Setting CVar [[r.Upscale.Quality:2]]
[2020.03.29-04.16.59:760][  0]LogConfig: Setting CVar [[r.Tonemapper.GrainQuantization:1]]
[2020.03.29-04.16.59:760][  0]LogConfig: Setting CVar [[r.LightShaftQuality:1]]
[2020.03.29-04.16.59:760][  0]LogConfig: Setting CVar [[r.Filter.SizeScale:0.8]]
[2020.03.29-04.16.59:760][  0]LogConfig: Setting CVar [[r.Tonemapper.Quality:5]]
[2020.03.29-04.16.59:760][  0]LogConfig: Setting CVar [[r.DOF.Gather.AccumulatorQuality:0        ; lower gathering accumulator quality]]
[2020.03.29-04.16.59:760][  0]LogConfig: Setting CVar [[r.DOF.Gather.PostfilterMethod:2          ; Max3x3 postfilering method]]
[2020.03.29-04.16.59:760][  0]LogConfig: Setting CVar [[r.DOF.Gather.EnableBokehSettings:0       ; no bokeh simulation when gathering]]
[2020.03.29-04.16.59:760][  0]LogConfig: Setting CVar [[r.DOF.Gather.RingCount:4                 ; medium number of samples when gathering]]
[2020.03.29-04.16.59:760][  0]LogConfig: Setting CVar [[r.DOF.Scatter.ForegroundCompositing:1    ; additive foreground scattering]]
[2020.03.29-04.16.59:760][  0]LogConfig: Setting CVar [[r.DOF.Scatter.BackgroundCompositing:1    ; no background occlusion]]
[2020.03.29-04.16.59:760][  0]LogConfig: Setting CVar [[r.DOF.Scatter.EnableBokehSettings:0      ; no bokeh simulation when scattering]]
[2020.03.29-04.16.59:761][  0]LogConfig: Setting CVar [[r.DOF.Scatter.MaxSpriteRatio:0.04        ; only a maximum of 4% of scattered bokeh]]
[2020.03.29-04.16.59:761][  0]LogConfig: Setting CVar [[r.DOF.Recombine.Quality:0                ; no slight out of focus]]
[2020.03.29-04.16.59:761][  0]LogConfig: Setting CVar [[r.DOF.TemporalAAQuality:0                ; faster temporal accumulation]]
[2020.03.29-04.16.59:761][  0]LogConfig: Setting CVar [[r.DOF.Kernel.MaxForegroundRadius:0.012   ; required because of AccumulatorQuality=0]]
[2020.03.29-04.16.59:761][  0]LogConfig: Setting CVar [[r.DOF.Kernel.MaxBackgroundRadius:0.012   ; required because of AccumulatorQuality=0]]
[2020.03.29-04.16.59:761][  0]LogConfig: Applying CVar settings from Section [TextureQuality@2] File [D:/GitHub/42Seconds/Sci_fi_42_seconds/Saved/Config/Windows/Scalability.ini]
[2020.03.29-04.16.59:761][  0]LogConfig: Setting CVar [[r.Streaming.MipBias:0]]
[2020.03.29-04.16.59:761][  0]LogConfig: Setting CVar [[r.Streaming.AmortizeCPUToGPUCopy:0]]
[2020.03.29-04.16.59:761][  0]LogConfig: Setting CVar [[r.Streaming.MaxNumTexturesToStreamPerFrame:0]]
[2020.03.29-04.16.59:761][  0]LogConfig: Setting CVar [[r.Streaming.Boost:1]]
[2020.03.29-04.16.59:761][  0]LogConfig: Setting CVar [[r.MaxAnisotropy:4]]
[2020.03.29-04.16.59:761][  0]LogConfig: Setting CVar [[r.Streaming.LimitPoolSizeToVRAM:1]]
[2020.03.29-04.16.59:761][  0]LogConfig: Setting CVar [[r.Streaming.PoolSize:800]]
[2020.03.29-04.16.59:761][  0]LogConfig: Setting CVar [[r.Streaming.MaxEffectiveScreenSize:0]]
[2020.03.29-04.16.59:761][  0]LogConfig: Applying CVar settings from Section [EffectsQuality@2] File [D:/GitHub/42Seconds/Sci_fi_42_seconds/Saved/Config/Windows/Scalability.ini]
[2020.03.29-04.16.59:761][  0]LogConfig: Setting CVar [[r.TranslucencyLightingVolumeDim:48]]
[2020.03.29-04.16.59:761][  0]LogConfig: Setting CVar [[r.RefractionQuality:2]]
[2020.03.29-04.16.59:761][  0]LogConfig: Setting CVar [[r.SSR.Quality:2]]
[2020.03.29-04.16.59:761][  0]LogConfig: Setting CVar [[r.SceneColorFormat:3]]
[2020.03.29-04.16.59:761][  0]LogConfig: Setting CVar [[r.DetailMode:1]]
[2020.03.29-04.16.59:761][  0]LogConfig: Setting CVar [[r.TranslucencyVolumeBlur:1]]
[2020.03.29-04.16.59:761][  0]LogConfig: Setting CVar [[r.MaterialQualityLevel:1 ; High quality]]
[2020.03.29-04.16.59:761][  0]LogConfig: Setting CVar [[r.SSS.Scale:1]]
[2020.03.29-04.16.59:761][  0]LogConfig: Setting CVar [[r.SSS.SampleSet:1]]
[2020.03.29-04.16.59:761][  0]LogConfig: Setting CVar [[r.SSS.Quality:-1]]
[2020.03.29-04.16.59:761][  0]LogConfig: Setting CVar [[r.SSS.HalfRes:1]]
[2020.03.29-04.16.59:761][  0]LogConfig: Setting CVar [[r.EmitterSpawnRateScale:0.5]]
[2020.03.29-04.16.59:761][  0]LogConfig: Setting CVar [[r.ParticleLightQuality:1]]
[2020.03.29-04.16.59:761][  0]LogConfig: Applying CVar settings from Section [FoliageQuality@2] File [D:/GitHub/42Seconds/Sci_fi_42_seconds/Saved/Config/Windows/Scalability.ini]
[2020.03.29-04.16.59:761][  0]LogConfig: Setting CVar [[foliage.DensityScale:0.8]]
[2020.03.29-04.16.59:761][  0]LogConfig: Setting CVar [[grass.DensityScale:0.8]]
[2020.03.29-04.16.59:761][  0]LogConfig: Applying CVar settings from Section [Startup] File [../../../Engine/Config/ConsoleVariables.ini]
[2020.03.29-04.16.59:761][  0]LogConfig: Setting CVar [[net.UseAdaptiveNetUpdateFrequency:0]]
[2020.03.29-04.16.59:761][  0]LogConfig: Applying CVar settings from Section [ConsoleVariables] File [D:/GitHub/42Seconds/Sci_fi_42_seconds/Saved/Config/Windows/Engine.ini]
[2020.03.29-04.16.59:762][  0]LogInit: Computer: DESKTOP-M7SROMF
[2020.03.29-04.16.59:762][  0]LogInit: User: Laptop
[2020.03.29-04.16.59:762][  0]LogInit: CPU Page size=4096, Cores=4
[2020.03.29-04.16.59:762][  0]LogInit: High frequency timer resolution =10.000000 MHz
[2020.03.29-04.16.59:762][  0]LogMemory: Memory total: Physical=15.8GB (16GB approx)
[2020.03.29-04.16.59:762][  0]LogMemory: Platform Memory Stats for Windows
[2020.03.29-04.16.59:762][  0]LogMemory: Process Physical Memory: 103.39 MB used, 103.39 MB peak
[2020.03.29-04.16.59:762][  0]LogMemory: Process Virtual Memory: 85.88 MB used, 85.88 MB peak
[2020.03.29-04.16.59:762][  0]LogMemory: Physical Memory: 8480.99 MB used,  7748.39 MB free, 16229.38 MB total
[2020.03.29-04.16.59:762][  0]LogMemory: Virtual Memory: 4644.43 MB used,  134213080.00 MB free, 134217728.00 MB total
[2020.03.29-04.16.59:787][  0]LogInit: Using OS detected language (en-US).
[2020.03.29-04.16.59:787][  0]LogInit: Using OS detected locale (en-CA).
[2020.03.29-04.16.59:788][  0]LogTextLocalizationManager: No specific localization for 'en-US' exists, so the 'en' localization will be used.
[2020.03.29-04.17.00:177][  0]LogStreaming: Display: Took  0.389s to InitEngineTextLocalization.
[2020.03.29-04.17.00:218][  0]LogSlate: New Slate User Created.  User Index 0, Is Virtual User: 0
[2020.03.29-04.17.00:218][  0]LogSlate: Slate User Registered.  User Index 0, Is Virtual User: 0
[2020.03.29-04.17.00:601][  0]LogHMD: Failed to initialize OpenVR with code 110
[2020.03.29-04.17.00:601][  0]LogD3D11RHI: D3D11 adapters:
[2020.03.29-04.17.00:688][  0]LogD3D11RHI:    0. 'NVIDIA GeForce GTX 1060' (Feature Level 11_0)
[2020.03.29-04.17.00:688][  0]LogD3D11RHI:       6052/0/8114 MB DedicatedVideo/DedicatedSystem/SharedSystem, Outputs:1, VendorId:0x10de
[2020.03.29-04.17.00:700][  0]LogD3D11RHI:    1. 'Intel(R) HD Graphics 530' (Feature Level 11_0)
[2020.03.29-04.17.00:700][  0]LogD3D11RHI:       128/0/8114 MB DedicatedVideo/DedicatedSystem/SharedSystem, Outputs:0, VendorId:0x8086
[2020.03.29-04.17.00:702][  0]LogD3D11RHI:    2. 'Microsoft Basic Render Driver' (Feature Level 11_0)
[2020.03.29-04.17.00:702][  0]LogD3D11RHI:       0/0/8114 MB DedicatedVideo/DedicatedSystem/SharedSystem, Outputs:0, VendorId:0x1414
[2020.03.29-04.17.00:702][  0]LogD3D11RHI: Chosen D3D11 Adapter: 0
[2020.03.29-04.17.00:744][  0]LogD3D11RHI: Creating new Direct3DDevice
[2020.03.29-04.17.00:744][  0]LogD3D11RHI:     GPU DeviceId: 0x1c20 (for the marketing name, search the web for "GPU Device Id")
[2020.03.29-04.17.00:744][  0]LogWindows: EnumDisplayDevices:
[2020.03.29-04.17.00:744][  0]LogWindows:    0. 'Intel(R) HD Graphics 530' (P:1 D:1)
[2020.03.29-04.17.00:744][  0]LogWindows:    1. 'Intel(R) HD Graphics 530' (P:0 D:0)
[2020.03.29-04.17.00:744][  0]LogWindows:    2. 'Intel(R) HD Graphics 530' (P:0 D:0)
[2020.03.29-04.17.00:745][  0]LogWindows:    3. 'NVIDIA GeForce GTX 1060' (P:0 D:0)
[2020.03.29-04.17.00:745][  0]LogWindows:    4. 'NVIDIA GeForce GTX 1060' (P:0 D:0)
[2020.03.29-04.17.00:745][  0]LogWindows:    5. 'NVIDIA GeForce GTX 1060' (P:0 D:0)
[2020.03.29-04.17.00:745][  0]LogWindows:    6. 'NVIDIA GeForce GTX 1060' (P:0 D:0)
[2020.03.29-04.17.00:745][  0]LogWindows: DebugString: PrimaryIsNotTheChoosenAdapter PrimaryIsNotTheChoosenAdapter PrimaryIsNotTheChoosenAdapter FoundDriverCount:4 
[2020.03.29-04.17.00:745][  0]LogD3D11RHI:     Adapter Name: NVIDIA GeForce GTX 1060
[2020.03.29-04.17.00:745][  0]LogD3D11RHI:   Driver Version: 399.01 (internal:24.21.13.9901, unified:399.01)
[2020.03.29-04.17.00:746][  0]LogD3D11RHI:      Driver Date: 8-13-2018
[2020.03.29-04.17.00:746][  0]LogRHI: Texture pool is 4236 MB (70% of 6052 MB)
[2020.03.29-04.17.00:791][  0]LogD3D11RHI: Async texture creation enabled
[2020.03.29-04.17.00:809][  0]LogD3D11RHI: GPU Timing Frequency: 1000.000000 (Debug: 2 2)
[2020.03.29-04.17.01:153][  0]LogTemp: Display: Loaded TP AllDesktopTargetPlatform
[2020.03.29-04.17.01:166][  0]LogTemp: Display: Loaded TP MacClientTargetPlatform
[2020.03.29-04.17.01:180][  0]LogTemp: Display: Loaded TP MacNoEditorTargetPlatform
[2020.03.29-04.17.01:192][  0]LogTemp: Display: Loaded TP MacServerTargetPlatform
[2020.03.29-04.17.01:205][  0]LogTemp: Display: Loaded TP MacTargetPlatform
[2020.03.29-04.17.01:217][  0]LogTemp: Display: Loaded TP WindowsClientTargetPlatform
[2020.03.29-04.17.01:231][  0]LogTemp: Display: Loaded TP WindowsNoEditorTargetPlatform
[2020.03.29-04.17.01:244][  0]LogTemp: Display: Loaded TP WindowsServerTargetPlatform
[2020.03.29-04.17.01:249][  0]LogTemp: Display: Loaded TP WindowsTargetPlatform
[2020.03.29-04.17.01:318][  0]LogTemp: Display: Loaded TP AndroidTargetPlatform
[2020.03.29-04.17.01:318][  0]LogTemp: Display: Loaded TP AndroidTargetPlatform
[2020.03.29-04.17.01:318][  0]LogTemp: Display: Loaded TP AndroidTargetPlatform
[2020.03.29-04.17.01:318][  0]LogTemp: Display: Loaded TP AndroidTargetPlatform
[2020.03.29-04.17.01:318][  0]LogTemp: Display: Loaded TP AndroidTargetPlatform
[2020.03.29-04.17.01:318][  0]LogTemp: Display: Loaded TP AndroidTargetPlatform
[2020.03.29-04.17.01:318][  0]LogTemp: Display: Loaded TP AndroidTargetPlatform
[2020.03.29-04.17.01:318][  0]LogTemp: Display: Loaded TP AndroidTargetPlatform
[2020.03.29-04.17.01:318][  0]LogTemp: Display: Loaded TP AndroidTargetPlatform
[2020.03.29-04.17.01:318][  0]LogTemp: Display: Loaded TP AndroidTargetPlatform
[2020.03.29-04.17.01:318][  0]LogTemp: Display: Loaded TP AndroidTargetPlatform
[2020.03.29-04.17.01:318][  0]LogTemp: Display: Loaded TP AndroidTargetPlatform
[2020.03.29-04.17.01:318][  0]LogTemp: Display: Loaded TP AndroidTargetPlatform
[2020.03.29-04.17.01:318][  0]LogTemp: Display: Loaded TP AndroidTargetPlatform
[2020.03.29-04.17.01:318][  0]LogTemp: Display: Loaded TP AndroidTargetPlatform
[2020.03.29-04.17.01:318][  0]LogTemp: Display: Loaded TP AndroidTargetPlatform
[2020.03.29-04.17.01:318][  0]LogTemp: Display: Loaded TP AndroidTargetPlatform
[2020.03.29-04.17.01:318][  0]LogTemp: Display: Loaded TP AndroidTargetPlatform
[2020.03.29-04.17.01:320][  0]LogTemp: Display: Loaded TP HTML5TargetPlatform
[2020.03.29-04.17.01:380][  0]LogTemp: Display: Loaded TP IOSTargetPlatform
[2020.03.29-04.17.01:380][  0]LogTemp: Display: Loaded TP IOSTargetPlatform
[2020.03.29-04.17.01:429][  0]LogTemp: Display: Loaded TP TVOSTargetPlatform
[2020.03.29-04.17.01:429][  0]LogTemp: Display: Loaded TP TVOSTargetPlatform
[2020.03.29-04.17.01:443][  0]LogTemp: Display: Loaded TP LinuxClientTargetPlatform
[2020.03.29-04.17.01:454][  0]LogTemp: Display: Loaded TP LinuxNoEditorTargetPlatform
[2020.03.29-04.17.01:466][  0]LogTemp: Display: Loaded TP LinuxServerTargetPlatform
[2020.03.29-04.17.01:479][  0]LogTemp: Display: Loaded TP LinuxTargetPlatform
[2020.03.29-04.17.01:523][  0]LogTemp: Display: Loaded TP LuminTargetPlatform
[2020.03.29-04.17.01:523][  0]LogTemp: Display: Loaded TP LuminTargetPlatform
[2020.03.29-04.17.01:523][  0]LogTargetPlatformManager: Display: Building Assets For Windows
[2020.03.29-04.17.01:572][  0]LogShaderCompilers: Guid format shader working directory is 1 characters bigger than the processId version (../../../../GitHub/42Seconds/Sci_fi_42_seconds/Intermediate/Shaders/WorkingDirectory/9012/).
[2020.03.29-04.17.01:573][  0]LogShaderCompilers: Cleaned the shader compiler working directory 'C:/Users/Laptop/AppData/Local/Temp/UnrealShaderWorkingDir/A55648A543A5E6A1EEDC2A9C677492D7/'.
[2020.03.29-04.17.01:574][  0]LogXGEController: Cannot use XGE Controller as Incredibuild is not installed on this machine.
[2020.03.29-04.17.01:574][  0]LogShaderCompilers: Cannot use XGE Shader Compiler as Incredibuild is not installed on this machine.
[2020.03.29-04.17.01:574][  0]LogShaderCompilers: Display: Using Local Shader Compiler.
[2020.03.29-04.17.02:142][  0]LogDerivedDataCache: Display: Max Cache Size: 512 MB
[2020.03.29-04.17.02:197][  0]LogDerivedDataCache: Loaded boot cache 0.05s 73MB C:/Users/Laptop/AppData/Local/UnrealEngine/4.21/DerivedDataCache/Boot.ddc.
[2020.03.29-04.17.02:197][  0]LogDerivedDataCache: Display: Loaded Boot cache: C:/Users/Laptop/AppData/Local/UnrealEngine/4.21/DerivedDataCache/Boot.ddc
[2020.03.29-04.17.02:197][  0]LogDerivedDataCache: FDerivedDataBackendGraph:  Pak pak cache file ../../../../GitHub/42Seconds/Sci_fi_42_seconds/DerivedDataCache/DDC.ddp not found, will not use a pak cache.
[2020.03.29-04.17.02:197][  0]LogDerivedDataCache: Unable to find inner node Pak for hierarchical cache Hierarchy.
[2020.03.29-04.17.02:197][  0]LogDerivedDataCache: FDerivedDataBackendGraph:  CompressedPak pak cache file ../../../../GitHub/42Seconds/Sci_fi_42_seconds/DerivedDataCache/Compressed.ddp not found, will not use a pak cache.
[2020.03.29-04.17.02:197][  0]LogDerivedDataCache: Unable to find inner node CompressedPak for hierarchical cache Hierarchy.
[2020.03.29-04.17.02:213][  0]LogDerivedDataCache: Display: Pak cache opened for reading ../../../Engine/DerivedDataCache/Compressed.ddp.
[2020.03.29-04.17.02:213][  0]LogDerivedDataCache: FDerivedDataBackendGraph:  EnterprisePak pak cache file ../../../Enterprise/DerivedDataCache/Compressed.ddp not found, will not use a pak cache.
[2020.03.29-04.17.02:213][  0]LogDerivedDataCache: Unable to find inner node EnterprisePak for hierarchical cache Hierarchy.
[2020.03.29-04.17.02:226][  0]LogDerivedDataCache: Using Local data cache path C:/Users/Laptop/AppData/Local/UnrealEngine/Common/DerivedDataCache: Writable
[2020.03.29-04.17.02:226][  0]LogDerivedDataCache: Shared data cache path not found in *engine.ini, will not use an Shared cache.
[2020.03.29-04.17.02:226][  0]LogDerivedDataCache: Unable to find inner node Shared for hierarchical cache Hierarchy.
[2020.03.29-04.17.02:251][  0]LogMaterial: Verifying Global Shaders for PCD3D_SM5
[2020.03.29-04.17.02:252][  0]LogSlate: Using FreeType 2.6.0
[2020.03.29-04.17.02:253][  0]LogSlate: SlateFontServices - WITH_FREETYPE: 1, WITH_HARFBUZZ: 1
[2020.03.29-04.17.02:351][  0]LogAssetRegistry: FAssetRegistry took 0.0328 seconds to start up
[2020.03.29-04.17.02:672][  0]LogInit: Selected Device Profile: [Windows]
[2020.03.29-04.17.02:830][  0]LogSimplygon: Simplygon DLL not present - disabling.
[2020.03.29-04.17.02:833][  0]LogMeshReduction: Using SimplygonSwarm for distributed automatic mesh merging
[2020.03.29-04.17.02:833][  0]LogMeshReduction: Using ProxyLODMeshReduction for automatic mesh merging
[2020.03.29-04.17.02:833][  0]LogMeshReduction: Using QuadricMeshReduction for automatic static mesh reduction
[2020.03.29-04.17.02:833][  0]LogMeshReduction: No automatic skeletal mesh reduction module available
[2020.03.29-04.17.02:850][  0]LogNetVersion: Sci_fi_42_seconds 1.0.0, NetCL: 4541578, EngineNetVer: 5, GameNetVer: 0 (Checksum: 397123955)
[2020.03.29-04.17.03:403][  0]LogPackageLocalizationCache: Processed 11 localized package path(s) for 2 prioritized culture(s) in 0.091664 seconds
[2020.03.29-04.17.03:408][  0]LogUObjectArray: 39775 objects as part of root set at end of initial load.
[2020.03.29-04.17.03:408][  0]LogUObjectAllocator: 6914656 out of 0 bytes used by permanent object pool.
[2020.03.29-04.17.03:408][  0]LogUObjectArray: CloseDisregardForGC: 0/0 objects in disregard for GC pool
[2020.03.29-04.17.04:401][  0]LogTcpMessaging: Initializing TcpMessaging bridge
[2020.03.29-04.17.04:415][  0]LogUdpMessaging: Initializing bridge on interface 0.0.0.0:0 to multicast group 230.0.0.1:6666.
[2020.03.29-04.17.05:270][  0]SourceControl: Source control is disabled
[2020.03.29-04.17.05:270][  0]SourceControl: Source control is disabled
[2020.03.29-04.17.05:271][  0]SourceControl: Source control is disabled
[2020.03.29-04.17.05:272][  0]SourceControl: Source control is disabled
[2020.03.29-04.17.05:447][  0]LogAndroidPermission: UAndroidPermissionCallbackProxy::GetInstance
[2020.03.29-04.17.05:542][  0]LogOcInput: OculusInput pre-init called
[2020.03.29-04.17.05:691][  0]LogEngine: Initializing Engine...
[2020.03.29-04.17.05:691][  0]LogHMD: Failed to initialize OpenVR with code 110
[2020.03.29-04.17.05:692][  0]LogStats: UGameplayTagsManager::ConstructGameplayTagTree: ImportINI prefixes -  0.000 s
[2020.03.29-04.17.05:692][  0]LogStats: UGameplayTagsManager::ConstructGameplayTagTree: Construct from data asset -  0.000 s
[2020.03.29-04.17.05:693][  0]LogStats: UGameplayTagsManager::ConstructGameplayTagTree: ImportINI -  0.000 s
[2020.03.29-04.17.05:693][  0]LogStats: UGameplayTagsManager::ConstructGameplayTagTree: GameplayTagTreeChangedEvent.Broadcast -  0.000 s
[2020.03.29-04.17.05:947][  0]LogInit: Initializing FReadOnlyCVARCache
[2020.03.29-04.17.05:959][  0]LogAIModule: Creating AISystem for world Untitled
[2020.03.29-04.17.05:970][  0]LogInit: XAudio2 using 'Speakers (Realtek High Definition Audio)' : 2 channels at 48 kHz using 32 bits per sample (channel mask 0x3)
[2020.03.29-04.17.06:107][  0]LogInit: FAudioDevice initialized.
[2020.03.29-04.17.06:107][  0]LogNetVersion: Set ProjectVersion to 1.0.0.0. Version Checksum will be recalculated on next use.
[2020.03.29-04.17.06:281][  0]LogDerivedDataCache: Saved boot cache 0.17s 71MB C:/Users/Laptop/AppData/Local/UnrealEngine/4.21/DerivedDataCache/Boot.ddc.
[2020.03.29-04.17.06:286][  0]LogInit: Texture streaming: Enabled
[2020.03.29-04.17.06:298][  0]LogEngineSessionManager: EngineSessionManager initialized
[2020.03.29-04.17.06:310][  0]LogInit: Transaction tracking system initialized
[2020.03.29-04.17.06:327][  0]BlueprintLog: New page: Editor Load
[2020.03.29-04.17.06:397][  0]LocalizationService: Localization service is disabled
[2020.03.29-04.17.06:960][  0]LogFileCache: Scanning file cache for directory 'D:/GitHub/42Seconds/Sci_fi_42_seconds/Content/' took 0.02s
[2020.03.29-04.17.06:960][  0]LogCook: Display: Max memory allowance for cook 16384mb min free memory 0mb
[2020.03.29-04.17.06:960][  0]LogCook: Display: Mobile HDR setting 1
[2020.03.29-04.17.06:960][  0]LogGameplayTags: Display: UGameplayTagsManager::DoneAddingNativeTags. DelegateIsBound: 0
[2020.03.29-04.17.06:960][  0]LogStats: UGameplayTagsManager::ConstructGameplayTagTree: ImportINI prefixes -  0.000 s
[2020.03.29-04.17.06:960][  0]LogStats: UGameplayTagsManager::ConstructGameplayTagTree: Construct from data asset -  0.000 s
[2020.03.29-04.17.06:960][  0]LogStats: UGameplayTagsManager::ConstructGameplayTagTree: ImportINI -  0.000 s
[2020.03.29-04.17.06:960][  0]LogStats: UGameplayTagsManager::ConstructGameplayTagTree: GameplayTagTreeChangedEvent.Broadcast -  0.000 s
[2020.03.29-04.17.07:087][  0]SourceControl: Source control is disabled
[2020.03.29-04.17.07:087][  0]Cmd: MAP LOAD FILE="../../../../GitHub/42Seconds/Sci_fi_42_seconds/Content/Scenes/Levels/Test_Level.umap" TEMPLATE=0 SHOWPROGRESS=1 FEATURELEVEL=3
[2020.03.29-04.17.07:087][  0]LogEditorServer: Warning: Can't find file '../../../../GitHub/42Seconds/Sci_fi_42_seconds/Content/Scenes/Levels/Test_Level.umap'
[2020.03.29-04.17.07:087][  0]Cmd: MAP CHECKDEP NOCLEARLOG
[2020.03.29-04.17.07:087][  0]MapCheck: Map check complete: 0 Error(s), 0 Warning(s), took 0.114ms to complete.
[2020.03.29-04.17.07:087][  0]LogFileHelpers: Loading map 'Test_Level' took 0.000
[2020.03.29-04.17.07:216][  0]LogSlate: Updating window title bar state: overlay mode, drag disabled, window buttons hidden, title bar hidden
[2020.03.29-04.17.07:225][  0]LogSlate: Updating window title bar state: overlay mode, drag disabled, window buttons hidden, title bar hidden
[2020.03.29-04.17.07:234][  0]LogSlate: Updating window title bar state: overlay mode, drag disabled, window buttons hidden, title bar hidden
[2020.03.29-04.17.07:242][  0]LogSlate: Updating window title bar state: overlay mode, drag disabled, window buttons hidden, title bar hidden
[2020.03.29-04.17.07:251][  0]LogCollectionManager: Loaded 0 collections in 0.001312 seconds
[2020.03.29-04.17.07:290][  0]LogFileCache: Scanning file cache for directory 'D:/GitHub/42Seconds/Sci_fi_42_seconds/Saved/Collections/' took 0.01s
[2020.03.29-04.17.07:290][  0]LogFileCache: Scanning file cache for directory 'D:/GitHub/42Seconds/Sci_fi_42_seconds/Content/Developers/Laptop/Collections/' took 0.01s
[2020.03.29-04.17.07:290][  0]LogFileCache: Scanning file cache for directory 'D:/GitHub/42Seconds/Sci_fi_42_seconds/Content/Collections/' took 0.01s
[2020.03.29-04.17.07:290][  0]LogCollectionManager: Rebuilt the GUID cache for 0 collections in 0.000000 seconds
[2020.03.29-04.17.07:301][  0]LogContentBrowser: Native class hierarchy populated in 0.0110 seconds. Added 2654 classes and 622 folders.
[2020.03.29-04.17.07:307][  0]LogContentBrowser: Native class hierarchy updated for 'WidgetCarousel' in 0.0004 seconds. Added 0 classes and 0 folders.
[2020.03.29-04.17.07:313][  0]LogPakFile: Registered encryption key '00000000000000000000000000000000': 0 pak files mounted, 0 remain pending
[2020.03.29-04.17.07:320][  0]LogPakFile: Registered encryption key '00000000000000000000000000000000': 0 pak files mounted, 0 remain pending
[2020.03.29-04.17.07:335][  0]LogPakFile: Registered encryption key '00000000000000000000000000000000': 0 pak files mounted, 0 remain pending
[2020.03.29-04.17.07:340][  0]LogPakFile: Registered encryption key '00000000000000000000000000000000': 0 pak files mounted, 0 remain pending
[2020.03.29-04.17.07:345][  0]LogPakFile: Registered encryption key '00000000000000000000000000000000': 0 pak files mounted, 0 remain pending
[2020.03.29-04.17.07:351][  0]LogPakFile: Registered encryption key '00000000000000000000000000000000': 0 pak files mounted, 0 remain pending
[2020.03.29-04.17.07:357][  0]LogPakFile: Registered encryption key '00000000000000000000000000000000': 0 pak files mounted, 0 remain pending
[2020.03.29-04.17.07:362][  0]LogPakFile: Registered encryption key '00000000000000000000000000000000': 0 pak files mounted, 0 remain pending
[2020.03.29-04.17.07:368][  0]LogPakFile: Registered encryption key '00000000000000000000000000000000': 0 pak files mounted, 0 remain pending
[2020.03.29-04.17.07:374][  0]LogPakFile: Registered encryption key '00000000000000000000000000000000': 0 pak files mounted, 0 remain pending
[2020.03.29-04.17.07:379][  0]LogPakFile: Registered encryption key '00000000000000000000000000000000': 0 pak files mounted, 0 remain pending
[2020.03.29-04.17.07:385][  0]LogPakFile: Registered encryption key '00000000000000000000000000000000': 0 pak files mounted, 0 remain pending
[2020.03.29-04.17.07:391][  0]LogPakFile: Registered encryption key '00000000000000000000000000000000': 0 pak files mounted, 0 remain pending
[2020.03.29-04.17.07:396][  0]LogPakFile: Registered encryption key '00000000000000000000000000000000': 0 pak files mounted, 0 remain pending
[2020.03.29-04.17.07:401][  0]LogPakFile: Registered encryption key '00000000000000000000000000000000': 0 pak files mounted, 0 remain pending
[2020.03.29-04.17.07:408][  0]LogPakFile: Registered encryption key '00000000000000000000000000000000': 0 pak files mounted, 0 remain pending
[2020.03.29-04.17.07:430][  0]LogPakFile: Registered encryption key '00000000000000000000000000000000': 0 pak files mounted, 0 remain pending
[2020.03.29-04.17.07:435][  0]LogPakFile: Registered encryption key '00000000000000000000000000000000': 0 pak files mounted, 0 remain pending
[2020.03.29-04.17.07:441][  0]LogPakFile: Registered encryption key '00000000000000000000000000000000': 0 pak files mounted, 0 remain pending
[2020.03.29-04.17.07:446][  0]LogPakFile: Registered encryption key '00000000000000000000000000000000': 0 pak files mounted, 0 remain pending
[2020.03.29-04.17.07:471][  0]LogPakFile: Registered encryption key '00000000000000000000000000000000': 0 pak files mounted, 0 remain pending
[2020.03.29-04.17.07:476][  0]LogPakFile: Registered encryption key '00000000000000000000000000000000': 0 pak files mounted, 0 remain pending
[2020.03.29-04.17.07:483][  0]LogPakFile: Registered encryption key '00000000000000000000000000000000': 0 pak files mounted, 0 remain pending
[2020.03.29-04.17.07:488][  0]LogPakFile: Registered encryption key '00000000000000000000000000000000': 0 pak files mounted, 0 remain pending
[2020.03.29-04.17.07:493][  0]LogPakFile: Registered encryption key '00000000000000000000000000000000': 0 pak files mounted, 0 remain pending
[2020.03.29-04.17.07:499][  0]LogPakFile: Registered encryption key '00000000000000000000000000000000': 0 pak files mounted, 0 remain pending
[2020.03.29-04.17.07:652][  0]LogContentBrowser: Native class hierarchy updated for 'AddContentDialog' in 0.0004 seconds. Added 0 classes and 0 folders.
[2020.03.29-04.17.07:657][  0]LogContentBrowser: Native class hierarchy updated for 'SceneOutliner' in 0.0004 seconds. Added 1 classes and 2 folders.
[2020.03.29-04.17.07:720][  0]LogSlate: Took 0.000276 seconds to synchronously load lazily loaded font '../../../Engine/Content/Slate/Fonts/Roboto-Regular.ttf' (155K)
[2020.03.29-04.17.07:722][  0]LogSlate: Took 0.000220 seconds to synchronously load lazily loaded font '../../../Engine/Content/Slate/Fonts/Roboto-Bold.ttf' (160K)
[2020.03.29-04.17.07:737][  0]LogSlate: Took 0.007873 seconds to synchronously load lazily loaded font '../../../Engine/Content/Editor/Slate/Fonts/FontAwesome.ttf' (139K)
[2020.03.29-04.17.07:856][  0]LogRenderer: Reallocating scene render targets to support 964x436 Format 9 NumSamples 1 (Frame:1).
[2020.03.29-04.17.07:994][  0]LogContentBrowser: Native class hierarchy updated for 'HierarchicalLODOutliner' in 0.0004 seconds. Added 0 classes and 0 folders.
[2020.03.29-04.17.07:994][  0]LogLoad: (Engine Initialization) Total time: 10.39 seconds
[2020.03.29-04.17.07:994][  0]LogLoad: (Engine Initialization) Total Blueprint compile time: 0.00 seconds
[2020.03.29-04.17.08:060][  0]LogContentStreaming: Texture pool size now 800 MB
[2020.03.29-04.17.08:117][  1]LogAssetRegistry: Asset discovery search completed in 5.7880 seconds
[2020.03.29-04.17.08:121][  1]LogCollectionManager: Rebuilt the object cache for 0 collections in 0.000000 seconds (found 0 objects)
[2020.03.29-04.17.08:121][  1]LogCollectionManager: Fixed up redirectors for 0 collections in 0.000072 seconds (updated 0 objects)
[2020.03.29-04.17.09:055][ 55]LogSlate: Took 0.008755 seconds to synchronously load lazily loaded font '../../../Engine/Content/Slate/Fonts/Roboto-Light.ttf' (167K)
[2020.03.29-04.17.12:085][237]LogSlate: Took 0.000150 seconds to synchronously load lazily loaded font '../../../Engine/Content/Slate/Fonts/Roboto-Light.ttf' (167K)
[2020.03.29-04.17.12:973][289]LogSlate: FSceneViewport::OnFocusLost() reason 0
[2020.03.29-04.17.16:652][506]LogSlate: FSceneViewport::OnFocusLost() reason 0
[2020.03.29-04.20.44:371][101]LogSlate: Window 'Sci_fi_42_seconds - Unreal Editor' being destroyed
[2020.03.29-04.20.44:372][101]LogWindowsTextInputMethodSystem: Display: IME system now deactivated.
[2020.03.29-04.20.44:565][102]Cmd: QUIT_EDITOR
[2020.03.29-04.20.44:611][102]LogExit: Preparing to exit.
[2020.03.29-04.20.45:548][102]LogExit: Editor shut down
[2020.03.29-04.20.45:549][102]LogExit: Transaction tracking system shut down
[2020.03.29-04.20.45:774][102]LogExit: Object subsystem successfully closed.
[2020.03.29-04.20.45:795][102]LogShaderCompilers: Display: Shaders left to compile 0
[2020.03.29-04.20.45:799][102]LogD3D11RHI: Shutdown
[2020.03.29-04.20.45:799][102]LogD3D11RHI: CleanupD3DDevice
[2020.03.29-04.20.45:800][102]LogD3D11RHI: ~FD3D11DynamicRHI
[2020.03.29-04.20.45:814][102]LogModuleManager: Shutting down and abandoning module HierarchicalLODOutliner (622)
[2020.03.29-04.20.45:814][102]LogModuleManager: Shutting down and abandoning module SceneOutliner (620)
[2020.03.29-04.20.45:814][102]LogModuleManager: Shutting down and abandoning module AddContentDialog (618)
[2020.03.29-04.20.45:814][102]LogModuleManager: Shutting down and abandoning module WidgetCarousel (617)
[2020.03.29-04.20.45:814][102]LogModuleManager: Shutting down and abandoning module EditorWidgets (614)
[2020.03.29-04.20.45:815][102]LogModuleManager: Shutting down and abandoning module CollectionManager (612)
[2020.03.29-04.20.45:815][102]LogModuleManager: Shutting down and abandoning module FoliageEdit (610)
[2020.03.29-04.20.45:815][102]LogModuleManager: Shutting down and abandoning module LandscapeEditor (608)
[2020.03.29-04.20.45:815][102]LogModuleManager: Shutting down and abandoning module MeshPaintMode (606)
[2020.03.29-04.20.45:815][102]LogModuleManager: Shutting down and abandoning module SceneDepthPickerMode (604)
[2020.03.29-04.20.45:815][102]LogModuleManager: Shutting down and abandoning module ActorPickerMode (602)
[2020.03.29-04.20.45:815][102]LogModuleManager: Shutting down and abandoning module GeometryMode (600)
[2020.03.29-04.20.45:815][102]LogModuleManager: Shutting down and abandoning module TextureAlignMode (598)
[2020.03.29-04.20.45:815][102]LogModuleManager: Shutting down and abandoning module BspMode (596)
[2020.03.29-04.20.45:815][102]LogModuleManager: Shutting down and abandoning module PIEPreviewDeviceProfileSelector (594)
[2020.03.29-04.20.45:815][102]LogModuleManager: Shutting down and abandoning module SequenceRecorderSections (592)
[2020.03.29-04.20.45:815][102]LogModuleManager: Shutting down and abandoning module AutomationWorker (590)
[2020.03.29-04.20.45:815][102]LogModuleManager: Shutting down and abandoning module AudioCaptureEditor (588)
[2020.03.29-04.20.45:815][102]LogModuleManager: Shutting down and abandoning module MatineeToLevelSequence (586)
[2020.03.29-04.20.45:815][102]LogModuleManager: Shutting down and abandoning module LevelSequenceEditor (584)
[2020.03.29-04.20.45:816][102]LogModuleManager: Shutting down and abandoning module PlacementMode (583)
[2020.03.29-04.20.45:816][102]LogModuleManager: Shutting down and abandoning module MaterialEditor (582)
[2020.03.29-04.20.45:816][102]LogModuleManager: Shutting down and abandoning module WmfMediaFactory (578)
[2020.03.29-04.20.45:816][102]LogModuleManager: Shutting down and abandoning module WmfMediaEditor (576)
[2020.03.29-04.20.45:816][102]LogModuleManager: Shutting down and abandoning module WebMMediaFactory (574)
[2020.03.29-04.20.45:816][102]LogModuleManager: Shutting down and abandoning module WebMMediaEditor (572)
[2020.03.29-04.20.45:816][102]LogModuleManager: Shutting down and abandoning module WebMMedia (570)
[2020.03.29-04.20.45:816][102]LogModuleManager: Shutting down and abandoning module MediaPlayerEditor (568)
[2020.03.29-04.20.45:816][102]LogModuleManager: Shutting down and abandoning module MediaCompositingEditor (566)
[2020.03.29-04.20.45:816][102]LogModuleManager: Shutting down and abandoning module SequenceRecorder (565)
[2020.03.29-04.20.45:816][102]LogModuleManager: Shutting down and abandoning module OpenExrWrapper (562)
[2020.03.29-04.20.45:816][102]LogModuleManager: Shutting down and abandoning module ImgMediaFactory (560)
[2020.03.29-04.20.45:816][102]LogModuleManager: Shutting down and abandoning module ImgMediaEditor (558)
[2020.03.29-04.20.45:816][102]LogModuleManager: Shutting down and abandoning module AvfMediaFactory (556)
[2020.03.29-04.20.45:816][102]LogModuleManager: Shutting down and abandoning module AvfMediaEditor (554)
[2020.03.29-04.20.45:816][102]LogModuleManager: Shutting down and abandoning module AndroidMediaFactory (552)
[2020.03.29-04.20.45:816][102]LogModuleManager: Shutting down and abandoning module AndroidMediaEditor (550)
[2020.03.29-04.20.45:816][102]LogModuleManager: Shutting down and abandoning module MagicLeapCameraPreviewFactory (548)
[2020.03.29-04.20.45:816][102]LogModuleManager: Shutting down and abandoning module MagicLeapMediaFactory (546)
[2020.03.29-04.20.45:816][102]LogModuleManager: Shutting down and abandoning module MagicLeapMediaEditor (544)
[2020.03.29-04.20.45:816][102]LogModuleManager: Shutting down and abandoning module CharacterAI (542)
[2020.03.29-04.20.45:816][102]LogModuleManager: Shutting down and abandoning module SmartSnapping (540)
[2020.03.29-04.20.45:816][102]LogModuleManager: Shutting down and abandoning module SessionServices (538)
[2020.03.29-04.20.45:816][102]LogModuleManager: Shutting down and abandoning module ViewportSnapping (536)
[2020.03.29-04.20.45:817][102]LogModuleManager: Shutting down and abandoning module ViewportInteraction (534)
[2020.03.29-04.20.45:817][102]LogModuleManager: Shutting down and abandoning module ClothPainter (532)
[2020.03.29-04.20.45:817][102]LogModuleManager: Shutting down and abandoning module SkeletalMeshEditor (531)
[2020.03.29-04.20.45:817][102]LogModuleManager: Shutting down and abandoning module LogVisualizer (528)
[2020.03.29-04.20.45:817][102]LogModuleManager: Shutting down and abandoning module IntroTutorials (526)
[2020.03.29-04.20.45:817][102]LogModuleManager: Shutting down and abandoning module GameProjectGeneration (525)
[2020.03.29-04.20.45:817][102]LogModuleManager: Shutting down and abandoning module LuminPlatformEditor (522)
[2020.03.29-04.20.45:817][102]LogModuleManager: Shutting down and abandoning module IOSPlatformEditor (520)
[2020.03.29-04.20.45:817][102]LogModuleManager: Shutting down and abandoning module HTML5PlatformEditor (518)
[2020.03.29-04.20.45:817][102]LogModuleManager: Shutting down and abandoning module AndroidPlatformEditor (516)
[2020.03.29-04.20.45:817][102]LogModuleManager: Shutting down and abandoning module AndroidDeviceDetection (515)
[2020.03.29-04.20.46:728][102]LogModuleManager: Shutting down and abandoning module WindowsPlatformEditor (512)
[2020.03.29-04.20.46:728][102]LogModuleManager: Shutting down and abandoning module LuminRuntimeSettings (510)
[2020.03.29-04.20.46:728][102]LogModuleManager: Shutting down and abandoning module IOSRuntimeSettings (508)
[2020.03.29-04.20.46:728][102]LogModuleManager: Shutting down and abandoning module AndroidRuntimeSettings (506)
[2020.03.29-04.20.46:728][102]LogModuleManager: Shutting down and abandoning module TimeManagementEditor (504)
[2020.03.29-04.20.46:728][102]LogModuleManager: Shutting down and abandoning module InputBindingEditor (502)
[2020.03.29-04.20.46:728][102]LogModuleManager: Shutting down and abandoning module MergeActors (500)
[2020.03.29-04.20.46:728][102]LogModuleManager: Shutting down and abandoning module LocalizationDashboard (498)
[2020.03.29-04.20.46:728][102]LogModuleManager: Shutting down and abandoning module LocalizationService (497)
[2020.03.29-04.20.46:729][102]LogModuleManager: Shutting down and abandoning module HardwareTargeting (494)
[2020.03.29-04.20.46:729][102]LogModuleManager: Shutting down and abandoning module DeviceProfileEditor (492)
[2020.03.29-04.20.46:729][102]LogModuleManager: Shutting down and abandoning module UndoHistory (490)
[2020.03.29-04.20.46:729][102]LogModuleManager: Shutting down and abandoning module XmlParser (488)
[2020.03.29-04.20.46:729][102]LogModuleManager: Shutting down and abandoning module Blutility (486)
[2020.03.29-04.20.46:729][102]LogModuleManager: Shutting down and abandoning module ProjectSettingsViewer (484)
[2020.03.29-04.20.46:729][102]LogModuleManager: Shutting down and abandoning module ProjectTargetPlatformEditor (483)
[2020.03.29-04.20.46:729][102]LogModuleManager: Shutting down and abandoning module EditorSettingsViewer (480)
[2020.03.29-04.20.46:729][102]LogModuleManager: Shutting down and abandoning module SettingsEditor (478)
[2020.03.29-04.20.46:729][102]LogModuleManager: Shutting down and abandoning module ProjectLauncher (476)
[2020.03.29-04.20.46:729][102]LogModuleManager: Shutting down and abandoning module SessionFrontend (474)
[2020.03.29-04.20.46:729][102]LogModuleManager: Shutting down and abandoning module ProfilerClient (472)
[2020.03.29-04.20.46:729][102]LogModuleManager: Shutting down and abandoning module DeviceManager (470)
[2020.03.29-04.20.46:729][102]LogModuleManager: Shutting down and abandoning module TargetDeviceServices (469)
[2020.03.29-04.20.46:784][102]LogModuleManager: Shutting down and abandoning module AutomationController (466)
[2020.03.29-04.20.46:784][102]LogModuleManager: Shutting down and abandoning module AutomationWindow (464)
[2020.03.29-04.20.46:784][102]LogModuleManager: Shutting down and abandoning module Layers (462)
[2020.03.29-04.20.46:784][102]LogModuleManager: Shutting down and abandoning module ComponentVisualizers (460)
[2020.03.29-04.20.46:784][102]LogModuleManager: Shutting down and abandoning module DetailCustomizations (458)
[2020.03.29-04.20.46:784][102]LogModuleManager: Shutting down and abandoning module PackagesDialog (456)
[2020.03.29-04.20.46:784][102]LogModuleManager: Shutting down and abandoning module Persona (454)
[2020.03.29-04.20.46:784][102]LogModuleManager: Shutting down and abandoning module AdvancedPreviewScene (453)
[2020.03.29-04.20.46:784][102]LogModuleManager: Shutting down and abandoning module AnimGraph (451)
[2020.03.29-04.20.46:784][102]LogModuleManager: Shutting down and abandoning module Kismet (448)
[2020.03.29-04.20.46:785][102]LogModuleManager: Shutting down and abandoning module GraphEditor (446)
[2020.03.29-04.20.46:785][102]LogModuleManager: Shutting down and abandoning module ClassViewer (444)
[2020.03.29-04.20.46:785][102]LogModuleManager: Shutting down and abandoning module Toolbox (442)
[2020.03.29-04.20.46:785][102]LogModuleManager: Shutting down and abandoning module DesktopPlatform (441)
[2020.03.29-04.20.46:785][102]LogModuleManager: Shutting down and abandoning module ModuleUI (438)
[2020.03.29-04.20.46:785][102]LogModuleManager: Shutting down and abandoning module MovieSceneTools (436)
[2020.03.29-04.20.46:785][102]LogModuleManager: Shutting down and abandoning module OutputLog (434)
[2020.03.29-04.20.46:785][102]LogModuleManager: Shutting down and abandoning module GammaUI (432)
[2020.03.29-04.20.46:785][102]LogModuleManager: Shutting down and abandoning module Documentation (430)
[2020.03.29-04.20.46:785][102]LogModuleManager: Shutting down and abandoning module MovieSceneTracks (428)
[2020.03.29-04.20.46:785][102]LogModuleManager: Shutting down and abandoning module MovieScene (426)
[2020.03.29-04.20.46:785][102]LogModuleManager: Shutting down and abandoning module StreamingPauseRendering (424)
[2020.03.29-04.20.46:785][102]LogModuleManager: Shutting down and abandoning module LauncherPlatform (422)
[2020.03.29-04.20.46:785][102]LogModuleManager: Shutting down and abandoning module AnalyticsET (420)
[2020.03.29-04.20.46:785][102]LogModuleManager: Shutting down and abandoning module PortalServices (418)
[2020.03.29-04.20.46:785][102]LogModuleManager: Shutting down and abandoning module PortalRpc (416)
[2020.03.29-04.20.46:785][102]LogModuleManager: Shutting down and abandoning module MessagingRpc (414)
[2020.03.29-04.20.46:785][102]LogModuleManager: Shutting down and abandoning module AIModule (412)
[2020.03.29-04.20.46:785][102]LogModuleManager: Shutting down and abandoning module GameplayDebugger (411)
[2020.03.29-04.20.46:786][102]LogModuleManager: Shutting down and abandoning module AITestSuite (409)
[2020.03.29-04.20.46:786][102]LogModuleManager: Shutting down and abandoning module NavigationSystem (407)
[2020.03.29-04.20.46:786][102]LogModuleManager: Shutting down and abandoning module ImageWriteQueue (404)
[2020.03.29-04.20.46:789][102]LogModuleManager: Shutting down and abandoning module ProfilerService (402)
[2020.03.29-04.20.46:916][102]LogModuleManager: Shutting down and abandoning module TaskGraph (400)
[2020.03.29-04.20.46:916][102]LogModuleManager: Shutting down and abandoning module SteamVRController (398)
[2020.03.29-04.20.46:916][102]LogModuleManager: Shutting down and abandoning module ProceduralMeshComponentEditor (396)
[2020.03.29-04.20.46:916][102]LogModuleManager: Shutting down and abandoning module ProceduralMeshComponent (394)
[2020.03.29-04.20.46:916][102]LogModuleManager: Shutting down and abandoning module OculusInput (392)
[2020.03.29-04.20.46:917][102]LogModuleManager: Shutting down and abandoning module MobilePatchingUtils (390)
[2020.03.29-04.20.46:917][102]LogModuleManager: Shutting down and abandoning module EditableMesh (388)
[2020.03.29-04.20.46:917][102]LogModuleManager: Shutting down and abandoning module CustomMeshComponent (386)
[2020.03.29-04.20.46:917][102]LogModuleManager: Shutting down and abandoning module CableComponent (384)
[2020.03.29-04.20.46:917][102]LogModuleManager: Shutting down and abandoning module AudioCapture (382)
[2020.03.29-04.20.46:917][102]LogModuleManager: Shutting down and abandoning module ArchVisCharacter (380)
[2020.03.29-04.20.46:917][102]LogModuleManager: Shutting down and abandoning module AndroidPermission (378)
[2020.03.29-04.20.46:917][102]LogModuleManager: Shutting down and abandoning module NUTUnrealEngine4 (376)
[2020.03.29-04.20.46:917][102]LogModuleManager: Shutting down and abandoning module NetcodeUnitTest (374)
[2020.03.29-04.20.46:917][102]LogModuleManager: Shutting down and abandoning module MediaCompositing (372)
[2020.03.29-04.20.46:917][102]LogModuleManager: Shutting down and abandoning module LinearTimecode (370)
[2020.03.29-04.20.46:917][102]LogModuleManager: Shutting down and abandoning module ImgMedia (368)
[2020.03.29-04.20.46:922][102]LogModuleManager: Shutting down and abandoning module HTML5Networking (366)
[2020.03.29-04.20.46:922][102]LogModuleManager: Shutting down and abandoning module GeometryCacheTracks (364)
[2020.03.29-04.20.46:922][102]LogModuleManager: Shutting down and abandoning module GeometryCacheSequencer (362)
[2020.03.29-04.20.46:922][102]LogModuleManager: Shutting down and abandoning module BackChannel (360)
[2020.03.29-04.20.46:922][102]LogModuleManager: Shutting down and abandoning module AppleVision (358)
[2020.03.29-04.20.46:922][102]LogModuleManager: Shutting down and abandoning module AppleImageUtilsBlueprintSupport (356)
[2020.03.29-04.20.46:922][102]LogModuleManager: Shutting down and abandoning module AppleImageUtils (354)
[2020.03.29-04.20.46:922][102]LogModuleManager: Shutting down and abandoning module AlembicImporter (352)
[2020.03.29-04.20.46:922][102]LogModuleManager: Shutting down and abandoning module AlembicLibrary (351)
[2020.03.29-04.20.46:922][102]LogModuleManager: Shutting down and abandoning module GeometryCache (350)
[2020.03.29-04.20.46:922][102]LogModuleManager: Shutting down and abandoning module GeometryCacheEd (349)
[2020.03.29-04.20.46:922][102]LogModuleManager: Shutting down and abandoning module VariantManagerContent (344)
[2020.03.29-04.20.46:922][102]LogModuleManager: Shutting down and abandoning module DatasmithContentEditor (342)
[2020.03.29-04.20.46:922][102]LogModuleManager: Shutting down and abandoning module SpeedTreeImporter (340)
[2020.03.29-04.20.46:922][102]LogModuleManager: Shutting down and abandoning module PluginBrowser (338)
[2020.03.29-04.20.46:922][102]LogModuleManager: Shutting down and abandoning module MobileLauncherProfileWizard (336)
[2020.03.29-04.20.46:922][102]LogModuleManager: Shutting down and abandoning module PolygonModeling (334)
[2020.03.29-04.20.46:922][102]LogModuleManager: Shutting down and abandoning module MeshEditor (332)
[2020.03.29-04.20.46:922][102]LogModuleManager: Shutting down and abandoning module CryptoKeysOpenSSL (330)
[2020.03.29-04.20.46:922][102]LogModuleManager: Shutting down and abandoning module CryptoKeys (328)
[2020.03.29-04.20.46:922][102]LogModuleManager: Shutting down and abandoning module VisualStudioSourceCodeAccess (326)
[2020.03.29-04.20.46:922][102]LogModuleManager: Shutting down and abandoning module VisualStudioCodeSourceCodeAccess (324)
[2020.03.29-04.20.46:922][102]LogModuleManager: Shutting down and abandoning module UObjectPlugin (322)
[2020.03.29-04.20.46:922][102]LogModuleManager: Shutting down and abandoning module SubversionSourceControl (320)
[2020.03.29-04.20.46:922][102]LogModuleManager: Shutting down and abandoning module PerforceSourceControl (318)
[2020.03.29-04.20.46:922][102]LogModuleManager: Shutting down and abandoning module GitSourceControl (316)
[2020.03.29-04.20.46:922][102]LogModuleManager: Shutting down and abandoning module SourceControl (315)
[2020.03.29-04.20.46:922][102]LogModuleManager: Shutting down and abandoning module CLionSourceCodeAccess (312)
[2020.03.29-04.20.46:922][102]LogModuleManager: Shutting down and abandoning module ActorLayerUtilitiesEditor (310)
[2020.03.29-04.20.46:922][102]LogModuleManager: Shutting down and abandoning module ActorLayerUtilities (308)
[2020.03.29-04.20.46:922][102]LogModuleManager: Shutting down and abandoning module LightPropagationVolumeEditor (306)
[2020.03.29-04.20.46:922][102]LogModuleManager: Shutting down and abandoning module PaperTiledImporter (304)
[2020.03.29-04.20.46:922][102]LogModuleManager: Shutting down and abandoning module PaperSpriteSheetImporter (302)
[2020.03.29-04.20.46:922][102]LogModuleManager: Shutting down and abandoning module Paper2DEditor (300)
[2020.03.29-04.20.46:922][102]LogModuleManager: Shutting down and abandoning module MeshPaint (299)
[2020.03.29-04.20.46:923][102]LogModuleManager: Shutting down and abandoning module Sci_fi_42_seconds (296)
[2020.03.29-04.20.46:923][102]LogModuleManager: Shutting down and abandoning module RuntimePhysXCooking (294)
[2020.03.29-04.20.46:923][102]LogModuleManager: Shutting down and abandoning module PhysXVehiclesEditor (292)
[2020.03.29-04.20.46:923][102]LogModuleManager: Shutting down and abandoning module PhysXVehicles (290)
[2020.03.29-04.20.46:923][102]LogModuleManager: Shutting down and abandoning module OculusEditor (288)
[2020.03.29-04.20.46:923][102]LogModuleManager: Shutting down and abandoning module LocationServicesBPLibrary (286)
[2020.03.29-04.20.46:923][102]LogModuleManager: Shutting down and abandoning module ActorSequence (284)
[2020.03.29-04.20.46:923][102]LogModuleManager: Shutting down and abandoning module UdpMessaging (282)
[2020.03.29-04.20.47:024][102]LogModuleManager: Shutting down and abandoning module TcpMessaging (280)
[2020.03.29-04.20.47:125][102]LogModuleManager: Shutting down and abandoning module MagicLeapAudio (278)
[2020.03.29-04.20.47:125][102]LogModuleManager: Shutting down and abandoning module GameplayTagsEditor (276)
[2020.03.29-04.20.47:125][102]LogModuleManager: Shutting down and abandoning module FacialAnimationEditor (274)
[2020.03.29-04.20.47:125][102]LogModuleManager: Shutting down and abandoning module FacialAnimation (272)
[2020.03.29-04.20.47:125][102]LogModuleManager: Shutting down and abandoning module DataValidation (270)
[2020.03.29-04.20.47:125][102]LogModuleManager: Shutting down and abandoning module AssetManagerEditor (268)
[2020.03.29-04.20.47:125][102]LogModuleManager: Shutting down and abandoning module LevelEditor (267)
[2020.03.29-04.20.47:125][102]LogModuleManager: Shutting down and abandoning module PixelInspectorModule (266)
[2020.03.29-04.20.47:125][102]LogModuleManager: Shutting down and abandoning module CommonMenuExtensions (264)
[2020.03.29-04.20.47:126][102]LogModuleManager: Shutting down and abandoning module MainFrame (262)
[2020.03.29-04.20.47:126][102]LogModuleManager: Shutting down and abandoning module HotReload (261)
[2020.03.29-04.20.47:126][102]LogModuleManager: Shutting down and abandoning module ContentBrowser (257)
[2020.03.29-04.20.47:127][102]LogModuleManager: Shutting down and abandoning module TreeMap (255)
[2020.03.29-04.20.47:127][102]LogModuleManager: Shutting down and abandoning module LightPropagationVolumeRuntime (252)
[2020.03.29-04.20.47:127][102]LogModuleManager: Shutting down and abandoning module AISupportModule (250)
[2020.03.29-04.20.47:127][102]LogModuleManager: Shutting down and abandoning module Paper2D (248)
[2020.03.29-04.20.47:127][102]LogModuleManager: Shutting down and abandoning module WindowsMoviePlayer (246)
[2020.03.29-04.20.47:127][102]LogModuleManager: Shutting down and abandoning module WebMMoviePlayer (244)
[2020.03.29-04.20.47:127][102]LogModuleManager: Shutting down and abandoning module WmfMedia (242)
[2020.03.29-04.20.47:128][102]LogModuleManager: Shutting down and abandoning module Media (241)
[2020.03.29-04.20.47:134][102]LogModuleManager: Shutting down and abandoning module PacketHandler (238)
[2020.03.29-04.20.47:134][102]LogModuleManager: Shutting down and abandoning module ClothingSystemEditor (236)
[2020.03.29-04.20.47:134][102]LogModuleManager: Shutting down and abandoning module ClothingSystemRuntime (234)
[2020.03.29-04.20.47:134][102]LogModuleManager: Shutting down and abandoning module MediaAssets (232)
[2020.03.29-04.20.47:134][102]LogModuleManager: Shutting down and abandoning module Overlay (230)
[2020.03.29-04.20.47:134][102]LogModuleManager: Shutting down and abandoning module OverlayEditor (229)
[2020.03.29-04.20.47:134][102]LogModuleManager: Shutting down and abandoning module VREditor (226)
[2020.03.29-04.20.47:135][102]LogModuleManager: Shutting down and abandoning module StringTableEditor (224)
[2020.03.29-04.20.47:135][102]LogModuleManager: Shutting down and abandoning module GameplayTasksEditor (222)
[2020.03.29-04.20.47:135][102]LogModuleManager: Shutting down and abandoning module BehaviorTreeEditor (220)
[2020.03.29-04.20.47:135][102]LogModuleManager: Shutting down and abandoning module FunctionalTesting (218)
[2020.03.29-04.20.47:135][102]LogModuleManager: Shutting down and abandoning module CollisionAnalyzer (216)
[2020.03.29-04.20.47:135][102]LogModuleManager: Shutting down and abandoning module WorkspaceMenuStructure (215)
[2020.03.29-04.20.47:135][102]LogModuleManager: Shutting down and abandoning module UMG (212)
[2020.03.29-04.20.47:135][102]LogModuleManager: Shutting down and abandoning module UMGEditor (211)
[2020.03.29-04.20.47:135][102]LogModuleManager: Shutting down and abandoning module Sequencer (210)
[2020.03.29-04.20.47:135][102]LogModuleManager: Shutting down and abandoning module MessageLog (207)
[2020.03.29-04.20.47:135][102]LogModuleManager: Shutting down and abandoning module SlateReflector (202)
[2020.03.29-04.20.47:135][102]LogModuleManager: Shutting down and abandoning module Slate (200)
[2020.03.29-04.20.47:135][102]LogModuleManager: Shutting down and abandoning module EditorStyle (198)
[2020.03.29-04.20.47:137][102]LogModuleManager: Shutting down and abandoning module MRMesh (196)
[2020.03.29-04.20.47:137][102]LogModuleManager: Shutting down and abandoning module SourceCodeAccess (194)
[2020.03.29-04.20.47:137][102]LogModuleManager: Shutting down and abandoning module HeadMountedDisplay (192)
[2020.03.29-04.20.47:137][102]LogModuleManager: Shutting down and abandoning module XAudio2 (190)
[2020.03.29-04.20.47:137][102]LogModuleManager: Shutting down and abandoning module Networking (188)
[2020.03.29-04.20.47:137][102]LogModuleManager: Shutting down and abandoning module Core (186)
[2020.03.29-04.20.47:137][102]LogModuleManager: Shutting down and abandoning module LevelSequence (184)
[2020.03.29-04.20.47:137][102]LogModuleManager: Shutting down and abandoning module KismetCompiler (182)
[2020.03.29-04.20.47:137][102]LogModuleManager: Shutting down and abandoning module MeshUtilities (180)
[2020.03.29-04.20.47:137][102]LogModuleManager: Shutting down and abandoning module MeshMergeUtilities (179)
[2020.03.29-04.20.47:137][102]LogModuleManager: Shutting down and abandoning module MeshReductionInterface (178)
[2020.03.29-04.20.47:137][102]LogModuleManager: Shutting down and abandoning module SimplygonSwarm (177)
[2020.03.29-04.20.47:137][102]LogModuleManager: Shutting down and abandoning module ProxyLODMeshReduction (175)
[2020.03.29-04.20.47:137][102]LogModuleManager: Shutting down and abandoning module SimplygonMeshReduction (173)
[2020.03.29-04.20.47:137][102]LogModuleManager: Shutting down and abandoning module QuadricMeshReduction (171)
[2020.03.29-04.20.47:137][102]LogModuleManager: Shutting down and abandoning module MaterialBaking (167)
[2020.03.29-04.20.47:137][102]LogModuleManager: Shutting down and abandoning module DirectoryWatcher (163)
[2020.03.29-04.20.47:137][102]LogModuleManager: Shutting down and abandoning module DerivedDataCache (160)
[2020.03.29-04.20.47:223][102]LogDerivedDataCache: Shutdown
[2020.03.29-04.20.47:223][102]LogModuleManager: Shutting down and abandoning module XGEController (158)
[2020.03.29-04.20.47:223][102]LogModuleManager: Shutting down and abandoning module TargetPlatform (156)
[2020.03.29-04.20.47:223][102]LogModuleManager: Shutting down and abandoning module VulkanShaderFormat (155)
[2020.03.29-04.20.47:223][102]LogModuleManager: Shutting down and abandoning module ShaderFormatVectorVM (153)
[2020.03.29-04.20.47:223][102]LogModuleManager: Shutting down and abandoning module ShaderFormatOpenGL (151)
[2020.03.29-04.20.47:223][102]LogModuleManager: Shutting down and abandoning module ShaderFormatD3D (149)
[2020.03.29-04.20.47:223][102]LogModuleManager: Shutting down and abandoning module MetalShaderFormat (147)
[2020.03.29-04.20.47:224][102]LogModuleManager: Shutting down and abandoning module TextureFormatUncompressed (145)
[2020.03.29-04.20.47:224][102]LogModuleManager: Shutting down and abandoning module TextureFormatPVR (143)
[2020.03.29-04.20.47:224][102]LogModuleManager: Shutting down and abandoning module TextureFormatDXT (141)
[2020.03.29-04.20.47:224][102]LogModuleManager: Shutting down and abandoning module TextureFormatIntelISPCTexComp (139)
[2020.03.29-04.20.47:224][102]LogModuleManager: Shutting down and abandoning module TextureFormatASTC (137)
[2020.03.29-04.20.47:224][102]LogModuleManager: Shutting down and abandoning module ImageWrapper (136)
[2020.03.29-04.20.47:224][102]LogModuleManager: Shutting down and abandoning module TextureFormatAndroid (133)
[2020.03.29-04.20.47:224][102]LogModuleManager: Shutting down and abandoning module AudioFormatOpus (131)
[2020.03.29-04.20.47:224][102]LogModuleManager: Shutting down and abandoning module AudioFormatOgg (129)
[2020.03.29-04.20.47:224][102]LogModuleManager: Shutting down and abandoning module AudioFormatADPCM (127)
[2020.03.29-04.20.47:224][102]LogModuleManager: Shutting down and abandoning module LuminTargetPlatform (125)
[2020.03.29-04.20.47:225][102]LogModuleManager: Shutting down and abandoning module LinuxTargetPlatform (123)
[2020.03.29-04.20.47:225][102]LogModuleManager: Shutting down and abandoning module LinuxServerTargetPlatform (121)
[2020.03.29-04.20.47:225][102]LogModuleManager: Shutting down and abandoning module LinuxNoEditorTargetPlatform (119)
[2020.03.29-04.20.47:225][102]LogModuleManager: Shutting down and abandoning module LinuxClientTargetPlatform (117)
[2020.03.29-04.20.47:225][102]LogModuleManager: Shutting down and abandoning module TVOSTargetPlatform (115)
[2020.03.29-04.20.47:226][102]LogModuleManager: Shutting down and abandoning module Messaging (113)
[2020.03.29-04.20.47:226][102]LogModuleManager: Shutting down and abandoning module IOSTargetPlatform (111)
[2020.03.29-04.20.47:226][102]LogModuleManager: Shutting down and abandoning module HTML5TargetPlatform (109)
[2020.03.29-04.20.47:226][102]LogModuleManager: Shutting down and abandoning module AndroidTargetPlatform (107)
[2020.03.29-04.20.47:232][102]LogModuleManager: Shutting down and abandoning module WindowsTargetPlatform (105)
[2020.03.29-04.20.47:232][102]LogModuleManager: Shutting down and abandoning module WindowsServerTargetPlatform (103)
[2020.03.29-04.20.47:232][102]LogModuleManager: Shutting down and abandoning module WindowsNoEditorTargetPlatform (101)
[2020.03.29-04.20.47:232][102]LogModuleManager: Shutting down and abandoning module WindowsClientTargetPlatform (99)
[2020.03.29-04.20.47:232][102]LogModuleManager: Shutting down and abandoning module MacTargetPlatform (97)
[2020.03.29-04.20.47:232][102]LogModuleManager: Shutting down and abandoning module MacServerTargetPlatform (95)
[2020.03.29-04.20.47:232][102]LogModuleManager: Shutting down and abandoning module MacNoEditorTargetPlatform (93)
[2020.03.29-04.20.47:232][102]LogModuleManager: Shutting down and abandoning module MacClientTargetPlatform (91)
[2020.03.29-04.20.47:232][102]LogModuleManager: Shutting down and abandoning module AllDesktopTargetPlatform (89)
[2020.03.29-04.20.47:232][102]LogModuleManager: Shutting down and abandoning module InputCore (86)
[2020.03.29-04.20.47:232][102]LogModuleManager: Shutting down and abandoning module Settings (84)
[2020.03.29-04.20.47:232][102]LogModuleManager: Shutting down and abandoning module PhysXCooking (82)
[2020.03.29-04.20.47:232][102]LogModuleManager: Shutting down and abandoning module SteamVR (80)
[2020.03.29-04.20.47:232][102]LogHMD: Freeing OpenVRDLLHandle.
[2020.03.29-04.20.47:232][102]LogModuleManager: Shutting down and abandoning module OculusHMD (78)
[2020.03.29-04.20.47:232][102]LogModuleManager: Shutting down and abandoning module ExampleDeviceProfileSelector (76)
[2020.03.29-04.20.47:232][102]LogModuleManager: Shutting down and abandoning module LauncherChunkInstaller (74)
[2020.03.29-04.20.47:232][102]LogModuleManager: Shutting down and abandoning module OnlineBlueprintSupport (72)
[2020.03.29-04.20.47:232][102]LogModuleManager: Shutting down and abandoning module OnlineSubsystem (68)
[2020.03.29-04.20.47:233][102]LogModuleManager: Shutting down and abandoning module XMPP (63)
[2020.03.29-04.20.47:233][102]LogModuleManager: Shutting down and abandoning module WebSockets (62)
[2020.03.29-04.20.47:256][102]LogModuleManager: Shutting down and abandoning module HTTP (59)
[2020.03.29-04.20.47:256][102]LogHttp: Display: Http module shutting down, but needs to wait on 1 outstanding Http requests:
[2020.03.29-04.20.47:256][102]LogHttp: Display: 	verb=[POST] url=[https://datarouter.ol.epicgames.com/datarouter/api/v1/public/data?SessionID=%7B60357BF9-49A6-3B33-A185-73A94BE318B5%7D&AppID=UEEditor.Rocket.Release&AppVersion=4.21.1-4613538%2B%2B%2BUE4%2BRelease-4.21&UserID=888d6adc4561ca10459a5a90f6a9dda6%7Cffb34aa25625427d8ddf5f41aa50384d%7Cefadc1a6-2532-4efb-afcf-3d86c922e399&AppEnvironment=datacollector-binary&UploadType=eteventstream] status=Processing
[2020.03.29-04.20.47:290][102]LogModuleManager: Shutting down and abandoning module SSL (58)
[2020.03.29-04.20.47:291][102]LogModuleManager: Shutting down and abandoning module MagicLeapIdentity (54)
[2020.03.29-04.20.47:291][102]LogModuleManager: Shutting down and abandoning module MagicLeapHelperVulkan (52)
[2020.03.29-04.20.47:291][102]LogModuleManager: Shutting down and abandoning module MagicLeapHelperOpenGL (50)
[2020.03.29-04.20.47:291][102]LogModuleManager: Shutting down and abandoning module MagicLeapSecureStorage (48)
[2020.03.29-04.20.47:291][102]LogModuleManager: Shutting down and abandoning module MagicLeapHandTracking (46)
[2020.03.29-04.20.47:291][102]LogModuleManager: Shutting down and abandoning module MagicLeapEyeTracker (44)
[2020.03.29-04.20.47:291][102]LogModuleManager: Shutting down and abandoning module MagicLeapController (42)
[2020.03.29-04.20.47:291][102]LogSlate: Slate User Destroyed.  User Index 0, Is Virtual User: 0
[2020.03.29-04.20.47:291][102]LogModuleManager: Shutting down and abandoning module MagicLeap (40)
[2020.03.29-04.20.47:291][102]LogModuleManager: Shutting down and abandoning module DatasmithContent (38)
[2020.03.29-04.20.47:292][102]LogModuleManager: Shutting down and abandoning module AnimationModifiers (36)
[2020.03.29-04.20.47:292][102]LogModuleManager: Shutting down and abandoning module PropertyEditor (35)
[2020.03.29-04.20.47:292][102]LogModuleManager: Shutting down and abandoning module AudioEditor (32)
[2020.03.29-04.20.47:292][102]LogModuleManager: Shutting down and abandoning module TextureCompressor (30)
[2020.03.29-04.20.47:292][102]LogModuleManager: Shutting down and abandoning module ShaderCore (28)
[2020.03.29-04.20.47:292][102]LogModuleManager: Shutting down and abandoning module Landscape (26)
[2020.03.29-04.20.47:292][102]LogModuleManager: Shutting down and abandoning module SlateRHIRenderer (24)
[2020.03.29-04.20.47:292][102]LogModuleManager: Shutting down and abandoning module OpenGLDrv (22)
[2020.03.29-04.20.47:292][102]LogModuleManager: Shutting down and abandoning module D3D11RHI (20)
[2020.03.29-04.20.47:292][102]LogModuleManager: Shutting down and abandoning module AnimGraphRuntime (18)
[2020.03.29-04.20.47:292][102]LogModuleManager: Shutting down and abandoning module Renderer (16)
[2020.03.29-04.20.47:292][102]LogModuleManager: Shutting down and abandoning module Engine (14)
[2020.03.29-04.20.47:292][102]LogModuleManager: Shutting down and abandoning module CoreUObject (12)
[2020.03.29-04.20.47:293][102]LogModuleManager: Shutting down and abandoning module NetworkFile (10)
[2020.03.29-04.20.47:293][102]LogModuleManager: Shutting down and abandoning module CookedIterativeFile (8)
[2020.03.29-04.20.47:293][102]LogModuleManager: Shutting down and abandoning module StreamingFile (6)
[2020.03.29-04.20.47:293][102]LogModuleManager: Shutting down and abandoning module SandboxFile (4)
[2020.03.29-04.20.47:293][102]LogModuleManager: Shutting down and abandoning module PakFile (2)
[2020.03.29-04.20.47:300][102]LogExit: Exiting.
[2020.03.29-04.20.47:306][102]Log file closed, 03/29/20 00:20:47
