"../../../../GitHub/42Seconds/Sci_fi_42_seconds/Content/Assets/Texture/Floor_BaseColor.uasset" 0
"../../../../GitHub/42Seconds/Sci_fi_42_seconds/Content/Assets/Texture/Floor_Normal.uasset" 1
"../../../../GitHub/42Seconds/Sci_fi_42_seconds/Content/Assets/Texture/Floor_OcclusionRoughnessMetallic.uasset" 2
"../../../../GitHub/42Seconds/Sci_fi_42_seconds/Content/Blueprints/Physics_Mats/Tile_Floor_PhysMat.uasset" 3
"../../../../GitHub/42Seconds/Sci_fi_42_seconds/Content/Assets/Material/42_Mat_Floor.uasset" 4
"../../../../GitHub/42Seconds/Sci_fi_42_seconds/Content/Assets/Mesh/Floor.uasset" 5
"../../../../GitHub/42Seconds/Sci_fi_42_seconds/Content/Assets/Mesh/FloorCollapse.uasset" 6
"../../../../GitHub/42Seconds/Sci_fi_42_seconds/Content/Audio/Footstep_Concrete.uasset" 7
"../../../../GitHub/42Seconds/Sci_fi_42_seconds/Content/Audio/Starting_Race_Beep.uasset" 8
"../../../Engine/Content/EngineMeshes/Humanoid.uasset" 9
"../../../../GitHub/42Seconds/Sci_fi_42_seconds/Content/Character/Mannequin/Character/Mesh/42Bot_Skeleton.uasset" 10
"../../../../GitHub/42Seconds/Sci_fi_42_seconds/Content/Character/Mannequin/Animations/42Bot_Retarget/ThirdPersonJump_End.uasset" 11
"../../../../GitHub/42Seconds/Sci_fi_42_seconds/Content/Character/Mannequin/Animations/42Bot_Retarget/ThirdPersonJump_Loop.uasset" 12
"../../../../GitHub/42Seconds/Sci_fi_42_seconds/Content/Character/Mannequin/Animations/42Bot_Retarget/ThirdPersonJump_Start.uasset" 13
"../../../../GitHub/42Seconds/Sci_fi_42_seconds/Content/Character/Mannequin/Animations/42Bot_Retarget/ThirdPersonIdle.uasset" 14
"../../../../GitHub/42Seconds/Sci_fi_42_seconds/Content/Character/Mannequin/Animations/42Bot_Retarget/ThirdPersonRun.uasset" 15
"../../../../GitHub/42Seconds/Sci_fi_42_seconds/Content/Character/Mannequin/Animations/42Bot_Retarget/ThirdPersonWalk.uasset" 16
"../../../../GitHub/42Seconds/Sci_fi_42_seconds/Content/Character/Mannequin/Animations/42Bot_Retarget/ThirdPerson_IdleRun_2D.uasset" 17
"../../../Engine/Content/EditorBlueprintResources/StandardMacros.uasset" 18
"../../../../GitHub/42Seconds/Sci_fi_42_seconds/Content/Audio/Footstep_Metal.uasset" 19
"../../../../GitHub/42Seconds/Sci_fi_42_seconds/Content/Character/Mannequin/Animations/42Bot_Retarget/42Bot_AnimBP.uasset" 20
"../../../../GitHub/42Seconds/Sci_fi_42_seconds/Content/GameModes/ThirdPersonGameMode.uasset" 21
"../../../../GitHub/42Seconds/Sci_fi_42_seconds/Content/Assets/Texture/Bot_BaseColor.uasset" 22
"../../../../GitHub/42Seconds/Sci_fi_42_seconds/Content/Assets/Texture/Bot_Emissive.uasset" 23
"../../../../GitHub/42Seconds/Sci_fi_42_seconds/Content/Assets/Texture/Bot_Normal.uasset" 24
"../../../../GitHub/42Seconds/Sci_fi_42_seconds/Content/Assets/Texture/Bot_OcclusionRoughnessMetallic.uasset" 25
"../../../../GitHub/42Seconds/Sci_fi_42_seconds/Content/Assets/Material/42_Mat_Bot.uasset" 26
"../../../../GitHub/42Seconds/Sci_fi_42_seconds/Content/Character/Mannequin/Character/Mesh/42Bot_PhysicsAsset.uasset" 27
"../../../../GitHub/42Seconds/Sci_fi_42_seconds/Content/Character/Mannequin/Character/Mesh/42Bot.uasset" 28
"../../../../GitHub/42Seconds/Sci_fi_42_seconds/Content/StarterContent/Audio/Explosion02.uasset" 29
"../../../../GitHub/42Seconds/Sci_fi_42_seconds/Content/StarterContent/Textures/T_Burst_M.uasset" 30
"../../../../GitHub/42Seconds/Sci_fi_42_seconds/Content/StarterContent/Particles/Materials/M_Burst.uasset" 31
"../../../../GitHub/42Seconds/Sci_fi_42_seconds/Content/StarterContent/Textures/T_Explosion_SubUV.uasset" 32
"../../../../GitHub/42Seconds/Sci_fi_42_seconds/Content/StarterContent/Particles/Materials/M_explosion_subUV.uasset" 33
"../../../../GitHub/42Seconds/Sci_fi_42_seconds/Content/StarterContent/Particles/Materials/m_flare_01.uasset" 34
"../../../Engine/Content/Functions/Engine_MaterialFunctions01/Gradient/RadialGradient.uasset" 35
"../../../../GitHub/42Seconds/Sci_fi_42_seconds/Content/StarterContent/Particles/Materials/M_radial_ramp.uasset" 36
"../../../../GitHub/42Seconds/Sci_fi_42_seconds/Content/StarterContent/Textures/T_Smoke_SubUV.uasset" 37
"../../../../GitHub/42Seconds/Sci_fi_42_seconds/Content/StarterContent/Textures/T_Smoke_Tiled_D.uasset" 38
"../../../../GitHub/42Seconds/Sci_fi_42_seconds/Content/StarterContent/Particles/Materials/M_smoke_subUV.uasset" 39
"../../../../GitHub/42Seconds/Sci_fi_42_seconds/Content/StarterContent/Particles/P_Explosion.uasset" 40
"../../../../GitHub/42Seconds/Sci_fi_42_seconds/Content/Saves/SaveData.uasset" 41
"../../../../GitHub/42Seconds/Sci_fi_42_seconds/Content/GameInstance_0.uasset" 42
"../../../../GitHub/42Seconds/Sci_fi_42_seconds/Content/UI/digital-7.uasset" 43
"../../../../GitHub/42Seconds/Sci_fi_42_seconds/Content/UI/Digital_7.uasset" 44
"../../../../GitHub/42Seconds/Sci_fi_42_seconds/Content/Audio/click.uasset" 45
"../../../../GitHub/42Seconds/Sci_fi_42_seconds/Content/Audio/Win_Sound2.uasset" 46
"../../../../GitHub/42Seconds/Sci_fi_42_seconds/Content/UI/GamePlayUI/LoadingScreen.uasset" 47
"../../../../GitHub/42Seconds/Sci_fi_42_seconds/Content/UI/UIAssets/Background.uasset" 48
"../../../../GitHub/42Seconds/Sci_fi_42_seconds/Content/UI/UIAssets/Button.uasset" 49
"../../../../GitHub/42Seconds/Sci_fi_42_seconds/Content/UI/UIAssets/Chip_Icon.uasset" 50
"../../../../GitHub/42Seconds/Sci_fi_42_seconds/Content/UI/UIAssets/Level_Complete_1.uasset" 51
"../../../../GitHub/42Seconds/Sci_fi_42_seconds/Content/UI/UIAssets/Level_Complete_2.uasset" 52
"../../../../GitHub/42Seconds/Sci_fi_42_seconds/Content/UI/GamePlayUI/BonusCompleteHUD.uasset" 53
"../../../../GitHub/42Seconds/Sci_fi_42_seconds/Content/Audio/Losing_Sound_Alt.uasset" 54
"../../../../GitHub/42Seconds/Sci_fi_42_seconds/Content/UI/UIAssets/Game_Over.uasset" 55
"../../../../GitHub/42Seconds/Sci_fi_42_seconds/Content/UI/GamePlayUI/GameOverHUD.uasset" 56
"../../../../GitHub/42Seconds/Sci_fi_42_seconds/Content/Audio/Ending_Race_Beep.uasset" 57
"../../../../GitHub/42Seconds/Sci_fi_42_seconds/Content/UI/UIAssets/Bomb_Timer.uasset" 58
"../../../../GitHub/42Seconds/Sci_fi_42_seconds/Content/UI/UIAssets/Kaboom.uasset" 59
"../../../../GitHub/42Seconds/Sci_fi_42_seconds/Content/UI/GamePlayUI/HUD.uasset" 60
"../../../../GitHub/42Seconds/Sci_fi_42_seconds/Content/UI/GamePlayUI/LevelCompleteHUD.uasset" 61
"../../../../GitHub/42Seconds/Sci_fi_42_seconds/Content/Character/ThirdPersonCharacter.uasset" 62
"../../../../GitHub/42Seconds/Sci_fi_42_seconds/Content/Assets/Texture/Elevator_BaseColor.uasset" 63
"../../../../GitHub/42Seconds/Sci_fi_42_seconds/Content/Assets/Texture/Elevator_Emissive.uasset" 64
"../../../../GitHub/42Seconds/Sci_fi_42_seconds/Content/Assets/Texture/Elevator_Normal.uasset" 65
"../../../../GitHub/42Seconds/Sci_fi_42_seconds/Content/Assets/Texture/Elevator_OcclusionRoughnessMetallic.uasset" 66
"../../../../GitHub/42Seconds/Sci_fi_42_seconds/Content/Assets/Material/42_Mat_Elevator.uasset" 67
"../../../../GitHub/42Seconds/Sci_fi_42_seconds/Content/Assets/Mesh/Elevator.uasset" 68
"../../../../GitHub/42Seconds/Sci_fi_42_seconds/Content/Blueprints/Construction/BaseConstruction/Down_Elevator_BP.uasset" 69
"../../../../GitHub/42Seconds/Sci_fi_42_seconds/Content/Assets/Texture/WallFlag_BaseColor.uasset" 70
"../../../../GitHub/42Seconds/Sci_fi_42_seconds/Content/Assets/Texture/WallFlag_Normal.uasset" 71
"../../../../GitHub/42Seconds/Sci_fi_42_seconds/Content/Assets/Texture/WallFlag_OcclusionRoughnessMetallic.uasset" 72
"../../../../GitHub/42Seconds/Sci_fi_42_seconds/Content/Assets/Material/42_Mat_WallFlag.uasset" 73
"../../../../GitHub/42Seconds/Sci_fi_42_seconds/Content/Blueprints/TempMaterials/Green.uasset" 74
"../../../Engine/Content/MapTemplates/Sky/DaylightAmbientCubemap.uasset" 75
"../../../../GitHub/42Seconds/Sci_fi_42_seconds/Content/StarterContent/Blueprints/Assets/M_LightStage_Skybox_Master.uasset" 76
"../../../../GitHub/42Seconds/Sci_fi_42_seconds/Content/StarterContent/Blueprints/Assets/M_LightStage_Skybox_Black.uasset" 77
"../../../Engine/Content/Functions/Engine_MaterialFunctions01/Opacity/CameraDepthFade.uasset" 78
"../../../Engine/Content/EngineMaterials/T_Default_Material_Grid_M.uasset" 79
"../../../Engine/Content/EngineMaterials/T_Default_Material_Grid_N.uasset" 80
"../../../Engine/Content/EngineMaterials/WorldGridMaterial.uasset" 81
"../../../Engine/Content/BasicShapes/Plane.uasset" 82
"../../../../GitHub/42Seconds/Sci_fi_42_seconds/Content/Assets/Texture/Wall_BaseColor.uasset" 83
"../../../../GitHub/42Seconds/Sci_fi_42_seconds/Content/Assets/Texture/Wall_Metallic.uasset" 84
"../../../../GitHub/42Seconds/Sci_fi_42_seconds/Content/Assets/Texture/Wall_Normal.uasset" 85
"../../../../GitHub/42Seconds/Sci_fi_42_seconds/Content/Assets/Texture/Wall_Roughness.uasset" 86
"../../../../GitHub/42Seconds/Sci_fi_42_seconds/Content/Assets/Material/42_Mat_Wall.uasset" 87
"../../../../GitHub/42Seconds/Sci_fi_42_seconds/Content/Assets/Mesh/Wall.uasset" 88
"../../../../GitHub/42Seconds/Sci_fi_42_seconds/Content/Blueprints/Construction/BaseConstruction/FlagLightWall2_BP1.uasset" 89
"../../../../GitHub/42Seconds/Sci_fi_42_seconds/Content/Blueprints/TempMaterials/Pink.uasset" 90
"../../../../GitHub/42Seconds/Sci_fi_42_seconds/Content/UI/GamePlayUI/Tutorials/Tutorial_Death.uasset" 91
"../../../../GitHub/42Seconds/Sci_fi_42_seconds/Content/Blueprints/Tutorials/Tutorial_4.uasset" 92
"../../../../GitHub/42Seconds/Sci_fi_42_seconds/Content/Character/Mannequin/Character/Mesh/UE4_Mannequin_Skeleton.uasset" 93
"../../../../GitHub/42Seconds/Sci_fi_42_seconds/Content/Character/Mannequin/Animations/ThirdPersonJump_End.uasset" 94
"../../../../GitHub/42Seconds/Sci_fi_42_seconds/Content/Character/Mannequin/Animations/ThirdPerson_Jump.uasset" 95
"../../../../GitHub/42Seconds/Sci_fi_42_seconds/Content/Character/Mannequin/Animations/ThirdPersonJump_Loop.uasset" 96
"../../../../GitHub/42Seconds/Sci_fi_42_seconds/Content/Character/Mannequin/Animations/ThirdPersonJump_Start.uasset" 97
"../../../../GitHub/42Seconds/Sci_fi_42_seconds/Content/Character/Mannequin/Animations/ThirdPersonIdle.uasset" 98
"../../../../GitHub/42Seconds/Sci_fi_42_seconds/Content/Character/Mannequin/Animations/ThirdPersonRun.uasset" 99
"../../../../GitHub/42Seconds/Sci_fi_42_seconds/Content/Character/Mannequin/Animations/ThirdPersonWalk.uasset" 100
"../../../../GitHub/42Seconds/Sci_fi_42_seconds/Content/Character/Mannequin/Animations/ThirdPerson_IdleRun_2D.uasset" 101
"../../../../GitHub/42Seconds/Sci_fi_42_seconds/Content/Character/Mannequin/Animations/ThirdPerson_AnimBP.uasset" 102
"../../../../GitHub/42Seconds/Sci_fi_42_seconds/Content/Character/Mannequin/Animations/42Bot_Retarget/BoneMapping2.uasset" 103
"../../../../GitHub/42Seconds/Sci_fi_42_seconds/Content/Character/Mannequin/Animations/42Bot_Retarget/ThirdPerson_Jump.uasset" 104
"../../../Engine/Content/Functions/Engine_MaterialFunctions02/Utility/BlendAngleCorrectedNormals.uasset" 105
"../../../Engine/Content/Functions/MaterialLayerFunctions/MatLayerBlend_NormalBlend.uasset" 106
"../../../Engine/Content/Functions/MaterialLayerFunctions/MatLayerBlend_Simple.uasset" 107
"../../../../GitHub/42Seconds/Sci_fi_42_seconds/Content/Character/Mannequin/Character/Materials/MaterialLayers/T_ML_Rubber_Blue_01_D.uasset" 108
"../../../../GitHub/42Seconds/Sci_fi_42_seconds/Content/Character/Mannequin/Character/Materials/MaterialLayers/T_ML_Rubber_Blue_01_N.uasset" 109
"../../../../GitHub/42Seconds/Sci_fi_42_seconds/Content/Character/Mannequin/Character/Materials/MaterialLayers/ML_GlossyBlack_Latex_UE4.uasset" 110
"../../../../GitHub/42Seconds/Sci_fi_42_seconds/Content/Character/Mannequin/Character/Materials/MaterialLayers/ML_Plastic_Shiny_Beige.uasset" 111
"../../../../GitHub/42Seconds/Sci_fi_42_seconds/Content/Character/Mannequin/Character/Textures/UE4_LOGO_CARD.uasset" 112
"../../../../GitHub/42Seconds/Sci_fi_42_seconds/Content/Character/Mannequin/Character/Materials/MaterialLayers/ML_Plastic_Shiny_Beige_LOGO.uasset" 113
"../../../../GitHub/42Seconds/Sci_fi_42_seconds/Content/Character/Mannequin/Character/Materials/MaterialLayers/T_ML_Aluminum01.uasset" 114
"../../../../GitHub/42Seconds/Sci_fi_42_seconds/Content/Character/Mannequin/Character/Materials/MaterialLayers/T_ML_Aluminum01_N.uasset" 115
"../../../../GitHub/42Seconds/Sci_fi_42_seconds/Content/Character/Mannequin/Character/Materials/MaterialLayers/ML_SoftMetal_UE4.uasset" 116
"../../../../GitHub/42Seconds/Sci_fi_42_seconds/Content/Character/Mannequin/Character/Textures/UE4_Mannequin__normals.uasset" 117
"../../../../GitHub/42Seconds/Sci_fi_42_seconds/Content/Character/Mannequin/Character/Textures/UE4_Mannequin_MAT_MASKA.uasset" 118
"../../../../GitHub/42Seconds/Sci_fi_42_seconds/Content/Character/Mannequin/Character/Materials/M_UE4Man_Body.uasset" 119
"../../../../GitHub/42Seconds/Sci_fi_42_seconds/Content/Character/Mannequin/Character/Textures/UE4Man_Logo_N.uasset" 120
"../../../../GitHub/42Seconds/Sci_fi_42_seconds/Content/Character/Mannequin/Character/Materials/M_UE4Man_ChestLogo.uasset" 121
"../../../../GitHub/42Seconds/Sci_fi_42_seconds/Content/Character/Mannequin/Character/Mesh/SK_Mannequin_PhysicsAsset.uasset" 122
"../../../../GitHub/42Seconds/Sci_fi_42_seconds/Content/Character/Mannequin/Character/Mesh/SK_Mannequin.uasset" 123
"../../../../GitHub/42Seconds/Sci_fi_42_seconds/Content/Geometry/Meshes/CubeMaterial.uasset" 124
"../../../../GitHub/42Seconds/Sci_fi_42_seconds/Content/Geometry/Meshes/1M_Cube_Chamfer.uasset" 125
"../../../../GitHub/42Seconds/Sci_fi_42_seconds/Content/Geometry/Meshes/TemplateFloor.uasset" 126
"../../../../GitHub/42Seconds/Sci_fi_42_seconds/Content/Scenes/Levels/S2_Level_1_BuiltData.uasset" 127
"../../../../GitHub/42Seconds/Sci_fi_42_seconds/Content/StarterContent/Audio/Collapse01.uasset" 128
"../../../../GitHub/42Seconds/Sci_fi_42_seconds/Content/StarterContent/Audio/Collapse02.uasset" 129
"../../../../GitHub/42Seconds/Sci_fi_42_seconds/Content/StarterContent/Audio/Collapse_Cue.uasset" 130
"../../../../GitHub/42Seconds/Sci_fi_42_seconds/Content/StarterContent/Audio/Explosion01.uasset" 131
"../../../../GitHub/42Seconds/Sci_fi_42_seconds/Content/StarterContent/Audio/Fire01.uasset" 132
"../../../../GitHub/42Seconds/Sci_fi_42_seconds/Content/StarterContent/Audio/Fire_Sparks01.uasset" 133
"../../../../GitHub/42Seconds/Sci_fi_42_seconds/Content/StarterContent/Audio/Light01.uasset" 134
"../../../../GitHub/42Seconds/Sci_fi_42_seconds/Content/StarterContent/Audio/Light01_Cue.uasset" 135
"../../../../GitHub/42Seconds/Sci_fi_42_seconds/Content/StarterContent/Audio/Light02.uasset" 136
"../../../../GitHub/42Seconds/Sci_fi_42_seconds/Content/StarterContent/Audio/Light02_Cue.uasset" 137
"../../../../GitHub/42Seconds/Sci_fi_42_seconds/Content/StarterContent/Audio/Smoke01.uasset" 138
"../../../../GitHub/42Seconds/Sci_fi_42_seconds/Content/StarterContent/Audio/Starter_Background_Cue.uasset" 139
"../../../../GitHub/42Seconds/Sci_fi_42_seconds/Content/StarterContent/Audio/Starter_Birds01.uasset" 140
"../../../../GitHub/42Seconds/Sci_fi_42_seconds/Content/StarterContent/Audio/Starter_Music_Cue.uasset" 141
"../../../../GitHub/42Seconds/Sci_fi_42_seconds/Content/StarterContent/Audio/Starter_Wind05.uasset" 142
"../../../../GitHub/42Seconds/Sci_fi_42_seconds/Content/StarterContent/Audio/Starter_Wind06.uasset" 143
"../../../../GitHub/42Seconds/Sci_fi_42_seconds/Content/StarterContent/Audio/Steam01.uasset" 144
"../../../../GitHub/42Seconds/Sci_fi_42_seconds/Content/StarterContent/Audio/Explosion_Cue.uasset" 145
"../../../../GitHub/42Seconds/Sci_fi_42_seconds/Content/StarterContent/Blueprints/Blueprint_Effect_Explosion.uasset" 146
"../../../../GitHub/42Seconds/Sci_fi_42_seconds/Content/StarterContent/Audio/Fire01_Cue.uasset" 147
"../../../../GitHub/42Seconds/Sci_fi_42_seconds/Content/StarterContent/Textures/T_Fire_SubUV.uasset" 148
"../../../../GitHub/42Seconds/Sci_fi_42_seconds/Content/StarterContent/Textures/T_Fire_Tiled_D.uasset" 149
"../../../../GitHub/42Seconds/Sci_fi_42_seconds/Content/StarterContent/Particles/Materials/M_Fire_SubUV.uasset" 150
"../../../../GitHub/42Seconds/Sci_fi_42_seconds/Content/StarterContent/Textures/T_Water_N.uasset" 151
"../../../../GitHub/42Seconds/Sci_fi_42_seconds/Content/StarterContent/Particles/Materials/M_Heat_Distortion.uasset" 152
"../../../../GitHub/42Seconds/Sci_fi_42_seconds/Content/StarterContent/Particles/Materials/M_Radial_Gradient.uasset" 153
"../../../../GitHub/42Seconds/Sci_fi_42_seconds/Content/StarterContent/Particles/P_Fire.uasset" 154
"../../../../GitHub/42Seconds/Sci_fi_42_seconds/Content/StarterContent/Blueprints/Blueprint_Effect_Fire.uasset" 155
"../../../../GitHub/42Seconds/Sci_fi_42_seconds/Content/StarterContent/Audio/Smoke01_Cue.uasset" 156
"../../../../GitHub/42Seconds/Sci_fi_42_seconds/Content/StarterContent/Particles/P_Smoke.uasset" 157
"../../../../GitHub/42Seconds/Sci_fi_42_seconds/Content/StarterContent/Blueprints/Blueprint_Effect_Smoke.uasset" 158
"../../../../GitHub/42Seconds/Sci_fi_42_seconds/Content/StarterContent/Audio/Fire_Sparks01_Cue.uasset" 159
"../../../../GitHub/42Seconds/Sci_fi_42_seconds/Content/StarterContent/Textures/T_Spark_Core.uasset" 160
"../../../../GitHub/42Seconds/Sci_fi_42_seconds/Content/StarterContent/Particles/Materials/M_Spark.uasset" 161
"../../../../GitHub/42Seconds/Sci_fi_42_seconds/Content/StarterContent/Particles/P_Sparks.uasset" 162
"../../../../GitHub/42Seconds/Sci_fi_42_seconds/Content/StarterContent/Blueprints/Blueprint_Effect_Sparks.uasset" 163
"../../../../GitHub/42Seconds/Sci_fi_42_seconds/Content/StarterContent/Audio/Steam01_Cue.uasset" 164
"../../../../GitHub/42Seconds/Sci_fi_42_seconds/Content/StarterContent/Particles/P_Steam_Lit.uasset" 165
"../../../../GitHub/42Seconds/Sci_fi_42_seconds/Content/StarterContent/Blueprints/Blueprint_Effect_Steam.uasset" 166
"../../../../GitHub/42Seconds/Sci_fi_42_seconds/Content/StarterContent/Blueprints/Assets/FogBrightnessLUT.uasset" 167
"../../../../GitHub/42Seconds/Sci_fi_42_seconds/Content/StarterContent/Blueprints/Assets/M_LightStage_Arrows.uasset" 168
"../../../../GitHub/42Seconds/Sci_fi_42_seconds/Content/StarterContent/Blueprints/Assets/M_LightStage_Skybox_HDRI.uasset" 169
"../../../Engine/Content/EditorMaterials/Thumbnails/SkySphereMaterial.uasset" 170
"../../../../GitHub/42Seconds/Sci_fi_42_seconds/Content/StarterContent/Blueprints/Assets/Skybox.uasset" 171
"../../../../GitHub/42Seconds/Sci_fi_42_seconds/Content/StarterContent/Blueprints/Assets/SM_Arrows.uasset" 172
"../../../../GitHub/42Seconds/Sci_fi_42_seconds/Content/StarterContent/Blueprints/Assets/SunlightColorLUT.uasset" 173
"../../../../GitHub/42Seconds/Sci_fi_42_seconds/Content/StarterContent/Materials/M_AssetPlatform.uasset" 174
"../../../../GitHub/42Seconds/Sci_fi_42_seconds/Content/StarterContent/Materials/M_Basic_Floor.uasset" 175
"../../../../GitHub/42Seconds/Sci_fi_42_seconds/Content/StarterContent/Textures/T_Ceramic_Tile_M.uasset" 176
"../../../../GitHub/42Seconds/Sci_fi_42_seconds/Content/StarterContent/Textures/T_Ceramic_Tile_N.uasset" 177
"../../../../GitHub/42Seconds/Sci_fi_42_seconds/Content/StarterContent/Textures/T_Perlin_Noise_M.uasset" 178
"../../../../GitHub/42Seconds/Sci_fi_42_seconds/Content/StarterContent/Textures/T_Rock_Marble_Polished_D.uasset" 179
"../../../../GitHub/42Seconds/Sci_fi_42_seconds/Content/StarterContent/Materials/M_Ceramic_Tile_Checker.uasset" 180
"../../../../GitHub/42Seconds/Sci_fi_42_seconds/Content/StarterContent/Textures/T_Concrete_Tiles_D.uasset" 181
"../../../../GitHub/42Seconds/Sci_fi_42_seconds/Content/StarterContent/Textures/T_Concrete_Tiles_M.uasset" 182
"../../../../GitHub/42Seconds/Sci_fi_42_seconds/Content/StarterContent/Textures/T_Concrete_Tiles_N.uasset" 183
"../../../../GitHub/42Seconds/Sci_fi_42_seconds/Content/StarterContent/Textures/T_Concrete_Tiles_Variation_M.uasset" 184
"../../../../GitHub/42Seconds/Sci_fi_42_seconds/Content/StarterContent/Textures/T_MacroVariation.uasset" 185
"../../../../GitHub/42Seconds/Sci_fi_42_seconds/Content/StarterContent/Materials/M_Concrete_Tiles.uasset" 186
"../../../../GitHub/42Seconds/Sci_fi_42_seconds/Content/StarterContent/Textures/T_ground_Moss_D.uasset" 187
"../../../../GitHub/42Seconds/Sci_fi_42_seconds/Content/StarterContent/Textures/T_Ground_Moss_N.uasset" 188
"../../../../GitHub/42Seconds/Sci_fi_42_seconds/Content/StarterContent/Materials/M_Ground_Moss.uasset" 189
"../../../../GitHub/42Seconds/Sci_fi_42_seconds/Content/StarterContent/Textures/T_Checker_Noise_M.uasset" 190
"../../../../GitHub/42Seconds/Sci_fi_42_seconds/Content/StarterContent/Textures/T_Single_Tile_N.uasset" 191
"../../../../GitHub/42Seconds/Sci_fi_42_seconds/Content/StarterContent/Textures/T_Tech_Dot_M.uasset" 192
"../../../../GitHub/42Seconds/Sci_fi_42_seconds/Content/StarterContent/Textures/T_Tech_Dot_N.uasset" 193
"../../../../GitHub/42Seconds/Sci_fi_42_seconds/Content/StarterContent/Materials/M_Tech_Checker_Dot.uasset" 194
"../../../../GitHub/42Seconds/Sci_fi_42_seconds/Content/StarterContent/Textures/T_Tech_Hex_Tile_M.uasset" 195
"../../../../GitHub/42Seconds/Sci_fi_42_seconds/Content/StarterContent/Textures/T_Tech_Hex_Tile_N.uasset" 196
"../../../../GitHub/42Seconds/Sci_fi_42_seconds/Content/StarterContent/Materials/M_Tech_Hex_Tile.uasset" 197
"../../../../GitHub/42Seconds/Sci_fi_42_seconds/Content/StarterContent/Materials/M_Tech_Hex_Tile_Pulse.uasset" 198
"../../../../GitHub/42Seconds/Sci_fi_42_seconds/Content/StarterContent/Textures/T_Metal_Steel_D.uasset" 199
"../../../../GitHub/42Seconds/Sci_fi_42_seconds/Content/StarterContent/Textures/T_Tech_Panel_M.uasset" 200
"../../../../GitHub/42Seconds/Sci_fi_42_seconds/Content/StarterContent/Textures/T_Tech_Panel_N.uasset" 201
"../../../../GitHub/42Seconds/Sci_fi_42_seconds/Content/StarterContent/Materials/M_Tech_Panel.uasset" 202
"../../../../GitHub/42Seconds/Sci_fi_42_seconds/Content/StarterContent/Textures/T_Dust_Particle_D.uasset" 203
"../../../../GitHub/42Seconds/Sci_fi_42_seconds/Content/StarterContent/Particles/Materials/M_Dust_Particle.uasset" 204
"../../../../GitHub/42Seconds/Sci_fi_42_seconds/Content/StarterContent/Particles/P_Ambient_Dust.uasset" 205
"../../../../GitHub/42Seconds/Sci_fi_42_seconds/Content/StarterContent/Props/MaterialSphere.uasset" 206
"../../../../GitHub/42Seconds/Sci_fi_42_seconds/Content/StarterContent/Textures/T_Statue_M.uasset" 207
"../../../../GitHub/42Seconds/Sci_fi_42_seconds/Content/StarterContent/Textures/T_Statue_N.uasset" 208
"../../../../GitHub/42Seconds/Sci_fi_42_seconds/Content/StarterContent/Props/Materials/M_Statue.uasset" 209
"../../../../GitHub/42Seconds/Sci_fi_42_seconds/Content/StarterContent/Props/Materials/M_StatueGlass.uasset" 210
"../../../../GitHub/42Seconds/Sci_fi_42_seconds/Content/StarterContent/Props/SM_Statue.uasset" 211
"../../../../GitHub/42Seconds/Sci_fi_42_seconds/Content/StarterContent/Textures/T_Bush_D.uasset" 212
"../../../../GitHub/42Seconds/Sci_fi_42_seconds/Content/StarterContent/Textures/T_Bush_N.uasset" 213
"../../../../GitHub/42Seconds/Sci_fi_42_seconds/Content/StarterContent/Props/Materials/M_Bush.uasset" 214
"../../../../GitHub/42Seconds/Sci_fi_42_seconds/Content/StarterContent/Textures/T_Chair_M.uasset" 215
"../../../../GitHub/42Seconds/Sci_fi_42_seconds/Content/StarterContent/Textures/T_Chair_N.uasset" 216
"../../../../GitHub/42Seconds/Sci_fi_42_seconds/Content/StarterContent/Props/Materials/M_Chair.uasset" 217
"../../../../GitHub/42Seconds/Sci_fi_42_seconds/Content/StarterContent/Textures/T_Door_M.uasset" 218
"../../../../GitHub/42Seconds/Sci_fi_42_seconds/Content/StarterContent/Textures/T_Door_N.uasset" 219
"../../../../GitHub/42Seconds/Sci_fi_42_seconds/Content/StarterContent/Props/Materials/M_Door.uasset" 220
"../../../../GitHub/42Seconds/Sci_fi_42_seconds/Content/StarterContent/Textures/T_Frame_M.uasset" 221
"../../../../GitHub/42Seconds/Sci_fi_42_seconds/Content/StarterContent/Textures/T_Frame_N.uasset" 222
"../../../../GitHub/42Seconds/Sci_fi_42_seconds/Content/StarterContent/Props/Materials/M_Frame.uasset" 223
"../../../../GitHub/42Seconds/Sci_fi_42_seconds/Content/StarterContent/Textures/T_Lamp_M.uasset" 224
"../../../../GitHub/42Seconds/Sci_fi_42_seconds/Content/StarterContent/Textures/T_Lamp_N.uasset" 225
"../../../../GitHub/42Seconds/Sci_fi_42_seconds/Content/StarterContent/Props/Materials/M_Lamp.uasset" 226
"../../../../GitHub/42Seconds/Sci_fi_42_seconds/Content/StarterContent/Props/Materials/M_MaterialSphere.uasset" 227
"../../../../GitHub/42Seconds/Sci_fi_42_seconds/Content/StarterContent/Props/Materials/M_MaterialSphere_Plain.uasset" 228
"../../../../GitHub/42Seconds/Sci_fi_42_seconds/Content/StarterContent/Textures/T_Detail_Rocky_N.uasset" 229
"../../../../GitHub/42Seconds/Sci_fi_42_seconds/Content/StarterContent/Textures/T_Rock_Basalt_D.uasset" 230
"../../../../GitHub/42Seconds/Sci_fi_42_seconds/Content/StarterContent/Textures/T_RockMesh_M.uasset" 231
"../../../../GitHub/42Seconds/Sci_fi_42_seconds/Content/StarterContent/Textures/T_RockMesh_N.uasset" 232
"../../../../GitHub/42Seconds/Sci_fi_42_seconds/Content/StarterContent/Props/Materials/M_Rock.uasset" 233
"../../../../GitHub/42Seconds/Sci_fi_42_seconds/Content/StarterContent/Textures/T_Shelf_M.uasset" 234
"../../../../GitHub/42Seconds/Sci_fi_42_seconds/Content/StarterContent/Textures/T_Shelf_N.uasset" 235
"../../../../GitHub/42Seconds/Sci_fi_42_seconds/Content/StarterContent/Props/Materials/M_Shelf.uasset" 236
"../../../../GitHub/42Seconds/Sci_fi_42_seconds/Content/StarterContent/Textures/T_TableRound_M.uasset" 237
"../../../../GitHub/42Seconds/Sci_fi_42_seconds/Content/StarterContent/Textures/T_TableRound_N.uasset" 238
"../../../../GitHub/42Seconds/Sci_fi_42_seconds/Content/StarterContent/Props/Materials/M_TableRound.uasset" 239
"../../../../GitHub/42Seconds/Sci_fi_42_seconds/Content/StarterContent/Materials/M_Basic_Wall.uasset" 240
"../../../../GitHub/42Seconds/Sci_fi_42_seconds/Content/StarterContent/Shapes/Shape_Cone.uasset" 241
"../../../../GitHub/42Seconds/Sci_fi_42_seconds/Content/StarterContent/Shapes/Shape_Cylinder.uasset" 242
"../../../../GitHub/42Seconds/Sci_fi_42_seconds/Content/StarterContent/Shapes/Shape_NarrowCapsule.uasset" 243
"../../../../GitHub/42Seconds/Sci_fi_42_seconds/Content/StarterContent/Shapes/Shape_Pipe.uasset" 244
"../../../../GitHub/42Seconds/Sci_fi_42_seconds/Content/StarterContent/Shapes/Shape_Pipe_180.uasset" 245
"../../../../GitHub/42Seconds/Sci_fi_42_seconds/Content/StarterContent/Shapes/Shape_Pipe_90.uasset" 246
"../../../../GitHub/42Seconds/Sci_fi_42_seconds/Content/StarterContent/Shapes/Shape_Plane.uasset" 247
"../../../../GitHub/42Seconds/Sci_fi_42_seconds/Content/StarterContent/Shapes/Shape_QuadPyramid.uasset" 248
"../../../../GitHub/42Seconds/Sci_fi_42_seconds/Content/StarterContent/Shapes/Shape_Sphere.uasset" 249
"../../../../GitHub/42Seconds/Sci_fi_42_seconds/Content/StarterContent/Shapes/Shape_Torus.uasset" 250
"../../../../GitHub/42Seconds/Sci_fi_42_seconds/Content/StarterContent/Shapes/Shape_Trim.uasset" 251
"../../../../GitHub/42Seconds/Sci_fi_42_seconds/Content/StarterContent/Shapes/Shape_Trim_90_In.uasset" 252
"../../../../GitHub/42Seconds/Sci_fi_42_seconds/Content/StarterContent/Shapes/Shape_Trim_90_Out.uasset" 253
"../../../../GitHub/42Seconds/Sci_fi_42_seconds/Content/StarterContent/Shapes/Shape_TriPyramid.uasset" 254
"../../../../GitHub/42Seconds/Sci_fi_42_seconds/Content/StarterContent/Shapes/Shape_Tube.uasset" 255
"../../../../GitHub/42Seconds/Sci_fi_42_seconds/Content/StarterContent/Shapes/Shape_Wedge_A.uasset" 256
"../../../../GitHub/42Seconds/Sci_fi_42_seconds/Content/StarterContent/Shapes/Shape_Wedge_B.uasset" 257
"../../../../GitHub/42Seconds/Sci_fi_42_seconds/Content/StarterContent/Shapes/Shape_WideCapsule.uasset" 258
"../../../../GitHub/42Seconds/Sci_fi_42_seconds/Content/StarterContent/Textures/T_Brick_Clay_Beveled_D.uasset" 259
"../../../../GitHub/42Seconds/Sci_fi_42_seconds/Content/StarterContent/Textures/T_Brick_Clay_Beveled_M.uasset" 260
"../../../../GitHub/42Seconds/Sci_fi_42_seconds/Content/StarterContent/Textures/T_Brick_Clay_Beveled_N.uasset" 261
"../../../../GitHub/42Seconds/Sci_fi_42_seconds/Content/StarterContent/Textures/T_Brick_Clay_New_D.uasset" 262
"../../../../GitHub/42Seconds/Sci_fi_42_seconds/Content/StarterContent/Textures/T_Brick_Clay_New_M.uasset" 263
"../../../../GitHub/42Seconds/Sci_fi_42_seconds/Content/StarterContent/Textures/T_Brick_Clay_New_N.uasset" 264
"../../../../GitHub/42Seconds/Sci_fi_42_seconds/Content/StarterContent/Textures/T_Brick_Clay_Old_D.uasset" 265
"../../../../GitHub/42Seconds/Sci_fi_42_seconds/Content/StarterContent/Textures/T_Brick_Clay_Old_N.uasset" 266
"../../../../GitHub/42Seconds/Sci_fi_42_seconds/Content/StarterContent/Textures/T_Brick_Cut_Stone_D.uasset" 267
"../../../../GitHub/42Seconds/Sci_fi_42_seconds/Content/StarterContent/Textures/T_Brick_Cut_Stone_N.uasset" 268
"../../../../GitHub/42Seconds/Sci_fi_42_seconds/Content/StarterContent/Textures/T_Brick_Hewn_Stone_D.uasset" 269
"../../../../GitHub/42Seconds/Sci_fi_42_seconds/Content/StarterContent/Textures/T_Brick_Hewn_Stone_M.uasset" 270
"../../../../GitHub/42Seconds/Sci_fi_42_seconds/Content/StarterContent/Textures/T_Brick_Hewn_Stone_N.uasset" 271
"../../../../GitHub/42Seconds/Sci_fi_42_seconds/Content/StarterContent/Textures/T_CobbleStone_Pebble_D.uasset" 272
"../../../../GitHub/42Seconds/Sci_fi_42_seconds/Content/StarterContent/Textures/T_CobbleStone_Pebble_M.uasset" 273
"../../../../GitHub/42Seconds/Sci_fi_42_seconds/Content/StarterContent/Textures/T_CobbleStone_Pebble_N.uasset" 274
"../../../../GitHub/42Seconds/Sci_fi_42_seconds/Content/StarterContent/Textures/T_CobbleStone_Rough_D.uasset" 275
"../../../../GitHub/42Seconds/Sci_fi_42_seconds/Content/StarterContent/Textures/T_CobbleStone_Rough_N.uasset" 276
"../../../../GitHub/42Seconds/Sci_fi_42_seconds/Content/StarterContent/Textures/T_CobbleStone_Smooth_D.uasset" 277
"../../../../GitHub/42Seconds/Sci_fi_42_seconds/Content/StarterContent/Textures/T_CobbleStone_Smooth_M.uasset" 278
"../../../../GitHub/42Seconds/Sci_fi_42_seconds/Content/StarterContent/Textures/T_CobbleStone_Smooth_N.uasset" 279
"../../../../GitHub/42Seconds/Sci_fi_42_seconds/Content/StarterContent/Textures/T_Concrete_Grime_D.uasset" 280
"../../../../GitHub/42Seconds/Sci_fi_42_seconds/Content/StarterContent/Textures/T_Concrete_Panels_D.uasset" 281
"../../../../GitHub/42Seconds/Sci_fi_42_seconds/Content/StarterContent/Textures/T_Concrete_Panels_N.uasset" 282
"../../../../GitHub/42Seconds/Sci_fi_42_seconds/Content/StarterContent/Textures/T_Concrete_Poured_D.uasset" 283
"../../../../GitHub/42Seconds/Sci_fi_42_seconds/Content/StarterContent/Textures/T_Concrete_Poured_N.uasset" 284
"../../../../GitHub/42Seconds/Sci_fi_42_seconds/Content/StarterContent/Textures/T_Gradinet_01.uasset" 285
"../../../../GitHub/42Seconds/Sci_fi_42_seconds/Content/StarterContent/Textures/T_Ground_Grass_D.uasset" 286
"../../../../GitHub/42Seconds/Sci_fi_42_seconds/Content/StarterContent/Textures/T_Ground_Grass_N.uasset" 287
"../../../../GitHub/42Seconds/Sci_fi_42_seconds/Content/StarterContent/Textures/T_Ground_Gravel_D.uasset" 288
"../../../../GitHub/42Seconds/Sci_fi_42_seconds/Content/StarterContent/Textures/T_Ground_Gravel_N.uasset" 289
"../../../../GitHub/42Seconds/Sci_fi_42_seconds/Content/StarterContent/Textures/T_Metal_Aluminum_D.uasset" 290
"../../../../GitHub/42Seconds/Sci_fi_42_seconds/Content/StarterContent/Textures/T_Metal_Copper_D.uasset" 291
"../../../../GitHub/42Seconds/Sci_fi_42_seconds/Content/StarterContent/Textures/T_Metal_Gold_D.uasset" 292
"../../../../GitHub/42Seconds/Sci_fi_42_seconds/Content/StarterContent/Textures/T_Metal_Gold_N.uasset" 293
"../../../../GitHub/42Seconds/Sci_fi_42_seconds/Content/StarterContent/Textures/T_Metal_Rust_D.uasset" 294
"../../../../GitHub/42Seconds/Sci_fi_42_seconds/Content/StarterContent/Textures/T_Metal_Rust_N.uasset" 295
"../../../../GitHub/42Seconds/Sci_fi_42_seconds/Content/StarterContent/Textures/T_Metal_Steel_N.uasset" 296
"../../../../GitHub/42Seconds/Sci_fi_42_seconds/Content/StarterContent/Textures/T_Rock_Basalt_N.uasset" 297
"../../../../GitHub/42Seconds/Sci_fi_42_seconds/Content/StarterContent/Textures/T_Rock_Sandstone_D.uasset" 298
"../../../../GitHub/42Seconds/Sci_fi_42_seconds/Content/StarterContent/Textures/T_Rock_Sandstone_N.uasset" 299
"../../../../GitHub/42Seconds/Sci_fi_42_seconds/Content/StarterContent/Textures/T_Rock_Slate_D.uasset" 300
"../../../../GitHub/42Seconds/Sci_fi_42_seconds/Content/StarterContent/Textures/T_Rock_Slate_N.uasset" 301
"../../../../GitHub/42Seconds/Sci_fi_42_seconds/Content/StarterContent/Textures/T_Rock_Smooth_Granite_D.uasset" 302
"../../../../GitHub/42Seconds/Sci_fi_42_seconds/Content/StarterContent/Textures/T_Water_M.uasset" 303
"../../../../GitHub/42Seconds/Sci_fi_42_seconds/Content/StarterContent/Textures/T_Wood_Floor_Walnut_D.uasset" 304
"../../../../GitHub/42Seconds/Sci_fi_42_seconds/Content/StarterContent/Textures/T_Wood_Floor_Walnut_M.uasset" 305
"../../../../GitHub/42Seconds/Sci_fi_42_seconds/Content/StarterContent/Textures/T_Wood_Floor_Walnut_N.uasset" 306
"../../../../GitHub/42Seconds/Sci_fi_42_seconds/Content/StarterContent/Textures/T_Wood_Oak_D.uasset" 307
"../../../../GitHub/42Seconds/Sci_fi_42_seconds/Content/StarterContent/Textures/T_Wood_Oak_N.uasset" 308
"../../../../GitHub/42Seconds/Sci_fi_42_seconds/Content/StarterContent/Textures/T_Wood_Pine_D.uasset" 309
"../../../../GitHub/42Seconds/Sci_fi_42_seconds/Content/StarterContent/Textures/T_Wood_Pine_N.uasset" 310
"../../../../GitHub/42Seconds/Sci_fi_42_seconds/Content/StarterContent/Textures/T_Wood_Walnut_D.uasset" 311
"../../../../GitHub/42Seconds/Sci_fi_42_seconds/Content/StarterContent/Textures/T_Wood_Walnut_N.uasset" 312
"../../../../GitHub/42Seconds/Sci_fi_42_seconds/Content/ThirdPerson/Meshes/RampMaterial.uasset" 313
"../../../../GitHub/42Seconds/Sci_fi_42_seconds/Content/ThirdPerson/Meshes/Bump_StaticMesh.uasset" 314
"../../../../GitHub/42Seconds/Sci_fi_42_seconds/Content/ThirdPerson/Meshes/LeftArm_StaticMesh.uasset" 315
"../../../../GitHub/42Seconds/Sci_fi_42_seconds/Content/ThirdPerson/Meshes/Linear_Stair_StaticMesh.uasset" 316
"../../../../GitHub/42Seconds/Sci_fi_42_seconds/Content/ThirdPerson/Meshes/Ramp_StaticMesh.uasset" 317
"../../../../GitHub/42Seconds/Sci_fi_42_seconds/Content/ThirdPerson/Meshes/RightArm_StaticMesh.uasset" 318
"../../../../GitHub/42Seconds/Sci_fi_42_seconds/Content/UI/MenuUI/LevelSelect_S2.uasset" 319
"../../../../GitHub/42Seconds/Sci_fi_42_seconds/Content/UI/UIAssets/Arrow_Button_L.uasset" 320
"../../../../GitHub/42Seconds/Sci_fi_42_seconds/Content/UI/UIAssets/Arrow_Button_L_On.uasset" 321
"../../../../GitHub/42Seconds/Sci_fi_42_seconds/Content/UI/UIAssets/Level_Complete_Icon.uasset" 322
"../../../../GitHub/42Seconds/Sci_fi_42_seconds/Content/UI/MenuUI/LevelSelect_S1.uasset" 323
"../../../../GitHub/42Seconds/Sci_fi_42_seconds/Content/GameModes/MenuGameMode.uasset" 324
"../../../../GitHub/42Seconds/Sci_fi_42_seconds/Content/UI/MenuUI/DeleteConfirmation.uasset" 325
"../../../../GitHub/42Seconds/Sci_fi_42_seconds/Content/UI/MenuUI/Save_Select.uasset" 326
"../../../../GitHub/42Seconds/Sci_fi_42_seconds/Content/UI/UIAssets/Title_Header.uasset" 327
"../../../../GitHub/42Seconds/Sci_fi_42_seconds/Content/UI/MenuUI/ScrollCredits.uasset" 328
"../../../../GitHub/42Seconds/Sci_fi_42_seconds/Content/UI/MenuUI/MainMenu.uasset" 329
"../../../../GitHub/42Seconds/Sci_fi_42_seconds/Content/UI/MenuUI/Credits.uasset" 330
"../../../Engine/Content/ArtTools/RenderToTexture/Meshes/S_1_Unit_Plane.uasset" 331
"../../../Engine/Content/EngineMaterials/DefaultMaterial.uasset" 332
"../../../Engine/Content/BasicShapes/Cone.uasset" 333
"../../../Engine/Content/BasicShapes/Cylinder.uasset" 334
"../../../Engine/Content/BasicShapes/Sphere.uasset" 335
"../../../Engine/Content/EditorLandscapeResources/DataLayer.uasset" 336
"../../../Engine/Content/EditorMaterials/GizmoMaterial.uasset" 337
"../../../Engine/Content/EditorMaterials/MAT_Groups_Toggle.uasset" 338
"../../../Engine/Content/EditorMaterials/MAT_Groups_Visibility.uasset" 339
"../../../Engine/Content/EditorMaterials/PreviewShadowIndicator.uasset" 340
"../../../Engine/Content/EditorMaterials/PreviewShadowIndicatorMaterial.uasset" 341
"../../../Engine/Content/EditorMaterials/MatineeGroups/MAT_ColorTrack.uasset" 342
"../../../Engine/Content/EditorMaterials/MatineeGroups/MAT_Groups_Anim.uasset" 343
"../../../Engine/Content/EditorMaterials/MatineeGroups/MAT_Groups_AudioMaster.uasset" 344
"../../../Engine/Content/EditorMaterials/MatineeGroups/MAT_Groups_Director.uasset" 345
"../../../Engine/Content/EditorMaterials/MatineeGroups/MAT_Groups_Event.uasset" 346
"../../../Engine/Content/EditorMaterials/MatineeGroups/MAT_Groups_Fade.uasset" 347
"../../../Engine/Content/EditorMaterials/MatineeGroups/MAT_Groups_Float.uasset" 348
"../../../Engine/Content/EditorMaterials/MatineeGroups/MAT_Groups_Move.uasset" 349
"../../../Engine/Content/EditorMaterials/MatineeGroups/MAT_Groups_Slomo.uasset" 350
"../../../Engine/Content/EditorMaterials/MatineeGroups/MAT_Groups_Sound.uasset" 351
"../../../Engine/Content/EditorMaterials/MatineeGroups/MAT_Groups_Vector.uasset" 352
"../../../Engine/Content/EditorMaterials/ParticleSystems/PSysThumbnail_NoImage.uasset" 353
"../../../Engine/Content/EditorMaterials/ParticleSystems/PSysThumbnail_OOD.uasset" 354
"../../../Engine/Content/EditorMaterials/Camera/CineMat.uasset" 355
"../../../Engine/Content/EditorMaterials/Camera/MI_CineMat_Rig.uasset" 356
"../../../Engine/Content/EditorMeshes/Camera/SM_CraneRig_Arm.uasset" 357
"../../../Engine/Content/EditorMeshes/Camera/SM_CraneRig_Base.uasset" 358
"../../../Engine/Content/EditorMeshes/Camera/SM_CraneRig_Body.uasset" 359
"../../../Engine/Content/EditorMeshes/Camera/SM_CraneRig_Mount.uasset" 360
"../../../Engine/Content/EditorMeshes/Camera/SM_RailRig_Mount.uasset" 361
"../../../Engine/Content/EditorMeshes/Camera/SM_RailRig_Track.uasset" 362
"../../../Engine/Content/EditorResources/BSPVertex.uasset" 363
"../../../Engine/Content/EditorResources/EmptyActor.uasset" 364
"../../../Engine/Content/EditorResources/S_Actor.uasset" 365
"../../../Engine/Content/EditorResources/S_Trigger.uasset" 366
"../../../Engine/Content/EditorResources/AudioIcons/S_AudioComponent.uasset" 367
"../../../Engine/Content/EditorResources/AudioIcons/S_AudioComponent_AutoActivate.uasset" 368
"../../../Engine/Content/EditorResources/LightIcons/S_LightError.uasset" 369
"../../../Engine/Content/EditorResources/SequenceRecorder/Countdown.uasset" 370
"../../../Engine/Content/EditorResources/SequenceRecorder/RecordingIndicator.uasset" 371
"../../../Engine/Content/EditorSounds/Notifications/CompileFailed.uasset" 372
"../../../Engine/Content/EditorSounds/Notifications/CompileFailed_Cue.uasset" 373
"../../../Engine/Content/EditorSounds/Notifications/CompileSuccess.uasset" 374
"../../../Engine/Content/EditorSounds/Notifications/CompileStart_Cue.uasset" 375
"../../../Engine/Content/EditorSounds/Notifications/CompileSuccess_Cue.uasset" 376
"../../../Engine/Content/EngineDamageTypes/DmgTypeBP_Environmental.uasset" 377
"../../../Engine/Content/EngineDebugMaterials/HeatmapGradient.uasset" 378
"../../../Engine/Content/EngineDebugMaterials/BoneWeightMaterial.uasset" 379
"../../../Engine/Content/EngineDebugMaterials/ClothMaterial.uasset" 380
"../../../Engine/Content/EngineDebugMaterials/ClothMaterial_WF.uasset" 381
"../../../Engine/Content/EngineDebugMaterials/DebugEditorMaterial.uasset" 382
"../../../Engine/Content/EngineDebugMaterials/DebugMeshMaterial.uasset" 383
"../../../Engine/Content/EngineDebugMaterials/GeomMaterial.uasset" 384
"../../../Engine/Content/EngineDebugMaterials/M_SimpleTranslucent.uasset" 385
"../../../Engine/Content/EngineFonts/Faces/RobotoBold.uasset" 386
"../../../Engine/Content/EngineFonts/Faces/RobotoBoldItalic.uasset" 387
"../../../Engine/Content/EngineFonts/Faces/RobotoItalic.uasset" 388
"../../../Engine/Content/EngineFonts/Faces/RobotoLight.uasset" 389
"../../../Engine/Content/EngineFonts/Faces/RobotoRegular.uasset" 390
"../../../Engine/Content/EngineFonts/Roboto.uasset" 391
"../../../Engine/Content/EngineFonts/Faces/RobotoTiny.uasset" 392
"../../../Engine/Content/EngineFonts/RobotoTiny.uasset" 393
"../../../Engine/Content/EngineMaterials/BaseFlattenDiffuseMap.uasset" 394
"../../../Engine/Content/EngineMaterials/BaseFlattenEmissiveMap.uasset" 395
"../../../Engine/Content/EngineMaterials/BaseFlattenGrayscaleMap.uasset" 396
"../../../Engine/Content/EngineMaterials/BaseFlattenNormalMap.uasset" 397
"../../../Engine/Content/EngineMaterials/BaseFlattenMaterial.uasset" 398
"../../../Engine/Content/EngineMaterials/DefaultBloomKernel.uasset" 399
"../../../Engine/Content/EngineMaterials/DefaultBokeh.uasset" 400
"../../../Engine/Content/EngineMaterials/DefaultDiffuse.uasset" 401
"../../../Engine/Content/EngineMaterials/DefaultDeferredDecalMaterial.uasset" 402
"../../../Engine/Content/EngineMaterials/DefaultLightFunctionMaterial.uasset" 403
"../../../Engine/Content/EngineMaterials/DefaultPhysicalMaterial.uasset" 404
"../../../Engine/Content/Functions/Engine_MaterialFunctions02/Utility/BreakOutFloat2Components.uasset" 405
"../../../Engine/Content/EngineMaterials/DefaultPostProcessMaterial.uasset" 406
"../../../Engine/Content/EngineFonts/RobotoDistanceField.uasset" 407
"../../../Engine/Content/EngineMaterials/DefaultTextMaterialOpaque.uasset" 408
"../../../Engine/Content/EngineMaterials/DefaultWhiteGrid.uasset" 409
"../../../Engine/Content/EngineMaterials/EditorBrushMaterial.uasset" 410
"../../../Engine/Content/EngineMaterials/Good64x64TilingNoiseHighFreq.uasset" 411
"../../../Engine/Content/EngineMaterials/MiniFont.uasset" 412
"../../../Engine/Content/EngineMaterials/InvalidLightmapSettings.uasset" 413
"../../../Engine/Content/EngineMaterials/M_InvalidLightmapSettings.uasset" 414
"../../../Engine/Content/Functions/Engine_MaterialFunctions02/WorldPositionOffset/CameraOffset.uasset" 415
"../../../Engine/Content/EngineMaterials/PhAT_JointLimitMaterial.uasset" 416
"../../../Engine/Content/EngineMaterials/PreintegratedSkinBRDF.uasset" 417
"../../../Engine/Content/EngineMaterials/RemoveSurfaceMaterial.uasset" 418
"../../../Engine/Content/EngineMaterials/WeightMapPlaceholderTexture.uasset" 419
"../../../Engine/Content/EngineResources/WhiteSquareTexture.uasset" 420
"../../../Engine/Content/EngineMaterials/Widget3DPassThrough.uasset" 421
"../../../Engine/Content/EngineMaterials/Widget3DPassThrough_Masked.uasset" 422
"../../../Engine/Content/EngineMaterials/Widget3DPassThrough_Opaque.uasset" 423
"../../../Engine/Content/EngineMaterials/Widget3DPassThrough_Masked_OneSided.uasset" 424
"../../../Engine/Content/EngineMaterials/Widget3DPassThrough_Opaque_OneSided.uasset" 425
"../../../Engine/Content/EngineMaterials/Widget3DPassThrough_Translucent.uasset" 426
"../../../Engine/Content/EngineMaterials/Widget3DPassThrough_Translucent_OneSided.uasset" 427
"../../../Engine/Content/EngineMeshes/Cube.uasset" 428
"../../../Engine/Content/EngineMeshes/Cylinder.uasset" 429
"../../../Engine/Content/EngineMeshes/Sphere.uasset" 430
"../../../Engine/Content/EngineResources/Black.uasset" 431
"../../../Engine/Content/EngineResources/DefaultTexture.uasset" 432
"../../../Engine/Content/EngineResources/DefaultTextureCube.uasset" 433
"../../../Engine/Content/EngineResources/DefaultVolumeTexture2D.uasset" 434
"../../../Engine/Content/EngineResources/DefaultVolumeTexture.uasset" 435
"../../../Engine/Content/EngineResources/GradientTexture0.uasset" 436
"../../../Engine/Content/EngineSounds/Master.uasset" 437
"../../../Engine/Content/Functions/Engine_MaterialFunctions01/Shading/ConvertFromDiffSpec.uasset" 438
"../../../Engine/Content/Functions/Engine_MaterialFunctions01/Shading/PowerToRoughness.uasset" 439
"../../../Engine/Content/Maps/Templates/Thumbnails/Default.uasset" 440
"../../../Engine/Content/Maps/Templates/Thumbnails/VR-Basic.uasset" 441
"../../../Engine/Content/MobileResources/T_MobileControls_texture.uasset" 442
"../../../Engine/Content/MobileResources/T_MobileMenu2.uasset" 443
"../../../Engine/Content/MobileResources/HUD/AnalogHat.uasset" 444
"../../../Engine/Content/MobileResources/HUD/VirtualJoystick_Background.uasset" 445
"../../../Engine/Content/MobileResources/HUD/VirtualJoystick_Thumb.uasset" 446
"../../../Engine/Content/MobileResources/HUD/DefaultVirtualJoysticks.uasset" 447
"../../../Engine/Content/MobileResources/HUD/LeftVirtualJoystickOnly.uasset" 448
"../../../Engine/Content/MobileResources/HUD/MobileHUDButton1_off.uasset" 449
"../../../Engine/Content/MobileResources/HUD/MobileHUDButton1_on.uasset" 450
"../../../Engine/Content/MobileResources/HUD/MobileHUDButton2_off.uasset" 451
"../../../Engine/Content/MobileResources/HUD/MobileHUDButton2_on.uasset" 452
"../../../Engine/Content/MobileResources/HUD/MobileHUDButton3.uasset" 453
"../../../Engine/Content/MobileResources/HUD/MobileHUDButtonFire.uasset" 454
"../../../Engine/Content/MobileResources/HUD/MobileHUDDirectionPad.uasset" 455
"../../../Engine/Content/MobileResources/HUD/MobileHUDDirectionPad2.uasset" 456
"../../../Engine/Content/MobileResources/HUD/MobileHUDDirectionPad3.uasset" 457
"../../../Engine/Content/MobileResources/HUD/MobileHUDDirectionStick.uasset" 458
"../../../Engine/Content/MobileResources/HUD/T_Castle_ThumbstickInner.uasset" 459
"../../../Engine/Content/MobileResources/HUD/T_Castle_ThumbstickOutter.uasset" 460
"../../../Engine/Content/Tutorial/ContentIntroCurve.uasset" 461
"../../../Engine/Content/Tutorial/Basics/TutorialAssets/icon_tab_Levels_40x.uasset" 462
"../../../Engine/Content/Tutorial/BlueprintTutorials/TutorialAssets/Blueprint_64x.uasset" 463
"../../../Engine/Content/Tutorial/Foliage/TutorialAssets/Foliage.uasset" 464
"../../../Engine/Content/Tutorial/Landscape/TutorialAssets/Landscape.uasset" 465
"../../../Engine/Content/Tutorial/SubEditors/TutorialAssets/TutorialMaterial.uasset" 466
"../../../Engine/Content/VREditor/LaserPointer/VR_LaserPower_01.uasset" 467
"../../../Engine/Content/VREditor/TransformGizmo/TransformGizmoMaterial.uasset" 468
"../../../Engine/Content/VREditor/TransformGizmo/TranslucentTransformGizmoMaterial.uasset" 469
"../../../Engine/Content/VREditor/TransformGizmo/BoundingBoxCorner.uasset" 470
"../../../Engine/Content/VREditor/TransformGizmo/BoundingBoxEdge.uasset" 471
"../../../Engine/Content/VREditor/TransformGizmo/PlaneTranslationHandle.uasset" 472
"../../../Engine/Content/VREditor/TransformGizmo/Main.uasset" 473
"../../../Engine/Content/VREditor/TransformGizmo/Xray.uasset" 474
"../../../Engine/Content/VREditor/TransformGizmo/SM_Sequencer_Key.uasset" 475
"../../../Engine/Content/VREditor/TransformGizmo/SM_Sequencer_Node.uasset" 476
"../../Plugins/2D/Paper2D/Content/PlaceholderTextures/DummySpriteTexture.uasset" 477
"../../Plugins/2D/Paper2D/Content/DummySprite.uasset" 478
"../../Plugins/2D/Paper2D/Content/DefaultPaperTerrainMaterial.uasset" 479
"../../Plugins/2D/Paper2D/Content/DefaultSpriteMaterial.uasset" 480
"../../Plugins/2D/Paper2D/Content/MaskedUnlitSpriteMaterial.uasset" 481
"../../Plugins/2D/Paper2D/Content/OpaqueUnlitSpriteMaterial.uasset" 482
"../../Plugins/Runtime/Oculus/OculusVR/Content/Materials/PokeAHoleMaterial.uasset" 483
"../../Plugins/Runtime/Oculus/OculusVR/Content/Textures/GearVRController_AO.uasset" 484
"../../Plugins/Runtime/Oculus/OculusVR/Content/Textures/GearVRController_Color.uasset" 485
"../../Plugins/Runtime/Oculus/OculusVR/Content/Textures/GearVRController_Normal.uasset" 486
"../../Plugins/Runtime/Oculus/OculusVR/Content/Materials/GearVRControllerMaterial.uasset" 487
"../../Plugins/Runtime/Oculus/OculusVR/Content/Meshes/GearVrController.uasset" 488
"../../Plugins/Runtime/Oculus/OculusVR/Content/Textures/touchController_albedo.uasset" 489
"../../Plugins/Runtime/Oculus/OculusVR/Content/Textures/touchController_controlmap.uasset" 490
"../../Plugins/Runtime/Oculus/OculusVR/Content/Materials/touchController_mat.uasset" 491
"../../Plugins/Runtime/Oculus/OculusVR/Content/Meshes/LeftTouchController.uasset" 492
"../../Plugins/Runtime/Oculus/OculusVR/Content/Meshes/RiftHMD.uasset" 493
"../../Plugins/Runtime/Oculus/OculusVR/Content/Meshes/RightTouchController.uasset" 494
"../../../../GitHub/42Seconds/Sci_fi_42_seconds/Content/Assets/Texture/Floor_Red_Emissive.uasset" 495
"../../../../GitHub/42Seconds/Sci_fi_42_seconds/Content/Assets/Material/42_Mat_FloorR.uasset" 496
"../../../Engine/Content/BasicShapes/Cube.uasset" 497
"../../../../GitHub/42Seconds/Sci_fi_42_seconds/Content/Blueprints/Construction/Obstacles/FallingPlatform_BP.uasset" 498
"../../../../GitHub/42Seconds/Sci_fi_42_seconds/Content/Assets/Texture/Floor_Green_Emissive.uasset" 499
"../../../../GitHub/42Seconds/Sci_fi_42_seconds/Content/Assets/Material/42_Mat_FloorG.uasset" 500
"../../../../GitHub/42Seconds/Sci_fi_42_seconds/Content/StarterContent/Shapes/Shape_Cube.uasset" 501
"../../../../GitHub/42Seconds/Sci_fi_42_seconds/Content/Blueprints/Construction/Obstacles/MyMovingPlatform.uasset" 502
"../../../../GitHub/42Seconds/Sci_fi_42_seconds/Content/StarterContent/Audio/Starter_Music01.uasset" 503
"../../../../GitHub/42Seconds/Sci_fi_42_seconds/Content/Blueprints/Construction/BaseConstruction/Background_Music.uasset" 504
"../../../Engine/Content/EngineSky/C_Sky_Cloud_Color.uasset" 505
"../../../Engine/Content/EngineSky/C_Sky_Horizon_Color.uasset" 506
"../../../Engine/Content/EngineSky/C_Sky_Zenith_Color.uasset" 507
"../../../Engine/Content/EngineSky/T_Sky_Blue.uasset" 508
"../../../Engine/Content/EngineSky/T_Sky_Clouds_M.uasset" 509
"../../../Engine/Content/EngineSky/T_Sky_Stars.uasset" 510
"../../../Engine/Content/EngineSky/M_Sky_Panning_Clouds2.uasset" 511
"../../../Engine/Content/EngineSky/SM_SkySphere.uasset" 512
"../../../Engine/Content/EngineSky/BP_Sky_Sphere.uasset" 513
"../../../../GitHub/42Seconds/Sci_fi_42_seconds/Content/Blueprints/Construction/BaseConstruction/Block_BP.uasset" 514
"../../../../GitHub/42Seconds/Sci_fi_42_seconds/Content/Assets/Texture/WallEnd_BaseColor.uasset" 515
"../../../../GitHub/42Seconds/Sci_fi_42_seconds/Content/Assets/Texture/WallEnd_Emissive.uasset" 516
"../../../../GitHub/42Seconds/Sci_fi_42_seconds/Content/Assets/Texture/WallEnd_Normal.uasset" 517
"../../../../GitHub/42Seconds/Sci_fi_42_seconds/Content/Assets/Texture/WallEnd_OcclusionRoughnessMetallic.uasset" 518
"../../../../GitHub/42Seconds/Sci_fi_42_seconds/Content/Assets/Material/42_Mat_WallEnd.uasset" 519
"../../../../GitHub/42Seconds/Sci_fi_42_seconds/Content/Assets/Mesh/WallEnd.uasset" 520
"../../../../GitHub/42Seconds/Sci_fi_42_seconds/Content/Assets/Mesh/WallEndFull.uasset" 521
"../../../../GitHub/42Seconds/Sci_fi_42_seconds/Content/Blueprints/Construction/BaseConstruction/ElevatorShell_BP.uasset" 522
"../../../Engine/Content/BasicShapes/BasicShapeMaterial.uasset" 523
"../../../../GitHub/42Seconds/Sci_fi_42_seconds/Content/Blueprints/Construction/BaseConstruction/FlagWall_BP.uasset" 524
"../../../../GitHub/42Seconds/Sci_fi_42_seconds/Content/Blueprints/Construction/BaseConstruction/Floor_BP.uasset" 525
"../../../../GitHub/42Seconds/Sci_fi_42_seconds/Content/Blueprints/Construction/BaseConstruction/NormalPlatform_BP.uasset" 526
"../../../../GitHub/42Seconds/Sci_fi_42_seconds/Content/StarterContent/Materials/M_Glass.uasset" 527
"../../../../GitHub/42Seconds/Sci_fi_42_seconds/Content/Blueprints/Physics_Mats/Ice_PhysMat.uasset" 528
"../../../../GitHub/42Seconds/Sci_fi_42_seconds/Content/Blueprints/Construction/BaseConstruction/Ice_Platform_BP.uasset" 529
"../../../../GitHub/42Seconds/Sci_fi_42_seconds/Content/Blueprints/TempMaterials/Cyan.uasset" 530
"../../../../GitHub/42Seconds/Sci_fi_42_seconds/Content/Blueprints/Construction/BaseConstruction/LightWall1_BP.uasset" 531
"../../../../GitHub/42Seconds/Sci_fi_42_seconds/Content/Blueprints/Construction/BaseConstruction/Ramp_BP.uasset" 532
"../../../../GitHub/42Seconds/Sci_fi_42_seconds/Content/Assets/Texture/CeilingMid_BaseColor.uasset" 533
"../../../../GitHub/42Seconds/Sci_fi_42_seconds/Content/Assets/Texture/CeilingMid_Emissive.uasset" 534
"../../../../GitHub/42Seconds/Sci_fi_42_seconds/Content/Assets/Texture/CeilingMid_Height.uasset" 535
"../../../../GitHub/42Seconds/Sci_fi_42_seconds/Content/Assets/Texture/CeilingMid_Metallic.uasset" 536
"../../../../GitHub/42Seconds/Sci_fi_42_seconds/Content/Assets/Texture/CeilingMid_Normal.uasset" 537
"../../../../GitHub/42Seconds/Sci_fi_42_seconds/Content/Assets/Texture/CeilingMid_Roughness.uasset" 538
"../../../../GitHub/42Seconds/Sci_fi_42_seconds/Content/Assets/Material/42_Mat_CeilingMid.uasset" 539
"../../../../GitHub/42Seconds/Sci_fi_42_seconds/Content/Blueprints/Construction/BaseConstruction/Ramp_Ceiling_BP.uasset" 540
"../../../../GitHub/42Seconds/Sci_fi_42_seconds/Content/Blueprints/Construction/BaseConstruction/RampPlatform_BP.uasset" 541
"../../../../GitHub/42Seconds/Sci_fi_42_seconds/Content/Assets/Texture/Chip_BaseColor.uasset" 542
"../../../../GitHub/42Seconds/Sci_fi_42_seconds/Content/Assets/Texture/Chip_Normal.uasset" 543
"../../../../GitHub/42Seconds/Sci_fi_42_seconds/Content/Assets/Texture/Chip_OcclusionRoughnessMetallic.uasset" 544
"../../../../GitHub/42Seconds/Sci_fi_42_seconds/Content/Assets/Material/42_Mat_Chip.uasset" 545
"../../../../GitHub/42Seconds/Sci_fi_42_seconds/Content/Assets/Mesh/Chip.uasset" 546
"../../../../GitHub/42Seconds/Sci_fi_42_seconds/Content/Audio/Pickup_Noise_Alt2.uasset" 547
"../../../../GitHub/42Seconds/Sci_fi_42_seconds/Content/Blueprints/Construction/BaseConstruction/Secret_BP.uasset" 548
"../../../../GitHub/42Seconds/Sci_fi_42_seconds/Content/Assets/Texture/LaserTexture_Normal.uasset" 549
"../../../../GitHub/42Seconds/Sci_fi_42_seconds/Content/Assets/Texture/LaserTexture_OcclusionRoughnessMetallic.uasset" 550
"../../../../GitHub/42Seconds/Sci_fi_42_seconds/Content/Assets/Texture/LaserTexture_Yellow_BaseColor.uasset" 551
"../../../../GitHub/42Seconds/Sci_fi_42_seconds/Content/Assets/Texture/LaserTexture_Yellow_Emissive.uasset" 552
"../../../../GitHub/42Seconds/Sci_fi_42_seconds/Content/Assets/Material/42_Mat_LaserY.uasset" 553
"../../../../GitHub/42Seconds/Sci_fi_42_seconds/Content/Assets/Mesh/Laser.uasset" 554
"../../../../GitHub/42Seconds/Sci_fi_42_seconds/Content/Blueprints/TempMaterials/TempLaser.uasset" 555
"../../../../GitHub/42Seconds/Sci_fi_42_seconds/Content/Blueprints/TempMaterials/FlickerLaserEffect.uasset" 556
"../../../../GitHub/42Seconds/Sci_fi_42_seconds/Content/Blueprints/Construction/Obstacles/AltFlickerLaserEmitter_BP1.uasset" 557
"../../../../GitHub/42Seconds/Sci_fi_42_seconds/Content/Blueprints/Construction/Obstacles/FlickerLaserEmitter_BP.uasset" 558
"../../../../GitHub/42Seconds/Sci_fi_42_seconds/Content/Assets/Texture/LaserTexture_Red_BaseColor.uasset" 559
"../../../../GitHub/42Seconds/Sci_fi_42_seconds/Content/Assets/Texture/LaserTexture_Red_Emissive.uasset" 560
"../../../../GitHub/42Seconds/Sci_fi_42_seconds/Content/Assets/Material/42_Mat_LaserR.uasset" 561
"../../../../GitHub/42Seconds/Sci_fi_42_seconds/Content/Blueprints/TempMaterials/LaserEffect.uasset" 562
"../../../../GitHub/42Seconds/Sci_fi_42_seconds/Content/Blueprints/Construction/Obstacles/LaserEmitter_BP.uasset" 563
"../../../../GitHub/42Seconds/Sci_fi_42_seconds/Content/Geometry/Meshes/1M_Cube.uasset" 564
"../../../../GitHub/42Seconds/Sci_fi_42_seconds/Content/Blueprints/Construction/Obstacles/Pitfall_BP.uasset" 565
"../../../../GitHub/42Seconds/Sci_fi_42_seconds/Content/UI/GamePlayUI/Tutorials/Tutorial_Move.uasset" 566
"../../../../GitHub/42Seconds/Sci_fi_42_seconds/Content/Blueprints/Tutorials/Tutorial_1.uasset" 567
"../../../../GitHub/42Seconds/Sci_fi_42_seconds/Content/Scenes/Test_Level_BuiltData.uasset" 568
"../../../../GitHub/42Seconds/Sci_fi_42_seconds/Content/Assets/Mesh/FloorGoal.uasset" 569
"../../../../GitHub/42Seconds/Sci_fi_42_seconds/Content/Scenes/Test_Level.umap" 570
"../../../../GitHub/42Seconds/Sci_fi_42_seconds/Content/Assets/Mesh/CeilingEnd.uasset" 571
"../../../../GitHub/42Seconds/Sci_fi_42_seconds/Content/Assets/Mesh/CeilingMid.uasset" 572
"../../../../GitHub/42Seconds/Sci_fi_42_seconds/Content/Blueprints/Construction/BaseConstruction/Ceiling_Edge_BP.uasset" 573
"../../../../GitHub/42Seconds/Sci_fi_42_seconds/Content/Blueprints/Construction/BaseConstruction/Ceiling_Normal_BP.uasset" 574
"../../../../GitHub/42Seconds/Sci_fi_42_seconds/Content/Blueprints/Construction/BaseConstruction/Elevatorfloor_BP.uasset" 575
"../../../../GitHub/42Seconds/Sci_fi_42_seconds/Content/Blueprints/Construction/BaseConstruction/LightWall2_BP.uasset" 576
"../../../../GitHub/42Seconds/Sci_fi_42_seconds/Content/Blueprints/Construction/BaseConstruction/NormalWall_BP.uasset" 577
"../../../../GitHub/42Seconds/Sci_fi_42_seconds/Content/Blueprints/Construction/BaseConstruction/Start_Elevator_BP.uasset" 578
"../../../../GitHub/42Seconds/Sci_fi_42_seconds/Content/Scenes/Levels/Default_Start_BuiltData.uasset" 579
"../../../../GitHub/42Seconds/Sci_fi_42_seconds/Content/Scenes/Levels/Default_Start.umap" 580
"../../../../GitHub/42Seconds/Sci_fi_42_seconds/Content/Blueprints/Construction/BaseConstruction/Exit_Elevator_BP.uasset" 581
"../../../../GitHub/42Seconds/Sci_fi_42_seconds/Content/Assets/Texture/Floor_Blue_Emissive.uasset" 582
"../../../../GitHub/42Seconds/Sci_fi_42_seconds/Content/Assets/Material/42_Mat_FloorB.uasset" 583
"../../../../GitHub/42Seconds/Sci_fi_42_seconds/Content/Blueprints/Construction/BaseConstruction/LightPlatform_BP.uasset" 584
"../../../../GitHub/42Seconds/Sci_fi_42_seconds/Content/Blueprints/Construction/BaseConstruction/Platform_BP.uasset" 585
"../../../../GitHub/42Seconds/Sci_fi_42_seconds/Content/Scenes/Levels/Misc_Chaos_Pit_BuiltData.uasset" 586
"../../../../GitHub/42Seconds/Sci_fi_42_seconds/Content/Scenes/Levels/Misc_Chaos_Pit.umap" 587
"../../../../GitHub/42Seconds/Sci_fi_42_seconds/Content/Assets/Material/M_Darkened_Glass.uasset" 588
"../../../../GitHub/42Seconds/Sci_fi_42_seconds/Content/Blueprints/Construction/BaseConstruction/GlassWall_BP.uasset" 589
"../../../../GitHub/42Seconds/Sci_fi_42_seconds/Content/Scenes/Levels/Misc_The_Maze_BuiltData.uasset" 590
"../../../../GitHub/42Seconds/Sci_fi_42_seconds/Content/Scenes/Levels/Misc_The_Maze.umap" 591
"../../../../GitHub/42Seconds/Sci_fi_42_seconds/Content/Blueprints/Construction/BaseConstruction/FlagLightWall1_BP.uasset" 592
"../../../../GitHub/42Seconds/Sci_fi_42_seconds/Content/Blueprints/Construction/BaseConstruction/SingleShell_BP.uasset" 593
"../../../../GitHub/42Seconds/Sci_fi_42_seconds/Content/Scenes/Levels/S1_Level_2_BuiltData.uasset" 594
"../../../../GitHub/42Seconds/Sci_fi_42_seconds/Content/Scenes/Levels/S1_Level_2.umap" 595
"../../../../GitHub/42Seconds/Sci_fi_42_seconds/Content/Scenes/Levels/S1_Level_3_BuiltData.uasset" 596
"../../../../GitHub/42Seconds/Sci_fi_42_seconds/Content/Scenes/Levels/S1_Level_3.umap" 597
"../../../../GitHub/42Seconds/Sci_fi_42_seconds/Content/Scenes/Levels/S1_Level_4_BuiltData.uasset" 598
"../../../../GitHub/42Seconds/Sci_fi_42_seconds/Content/Scenes/Levels/S1_Level_4.umap" 599
"../../../../GitHub/42Seconds/Sci_fi_42_seconds/Content/Scenes/Levels/S1_Level_5_BuiltData.uasset" 600
"../../../../GitHub/42Seconds/Sci_fi_42_seconds/Content/Scenes/Levels/S1_Level_5.umap" 601
"../../../../GitHub/42Seconds/Sci_fi_42_seconds/Content/Scenes/Levels/S1_Level_6_BuiltData.uasset" 602
"../../../../GitHub/42Seconds/Sci_fi_42_seconds/Content/Scenes/Levels/S1_Level_6.umap" 603
"../../../../GitHub/42Seconds/Sci_fi_42_seconds/Content/Scenes/Levels/S1_Level_7_BuiltData.uasset" 604
"../../../../GitHub/42Seconds/Sci_fi_42_seconds/Content/Scenes/Levels/S1_Level_7.umap" 605
"../../../../GitHub/42Seconds/Sci_fi_42_seconds/Content/Scenes/Levels/S1_Level_9_BuiltData.uasset" 606
"../../../../GitHub/42Seconds/Sci_fi_42_seconds/Content/Scenes/Levels/S1_Level_9.umap" 607
"../../../../GitHub/42Seconds/Sci_fi_42_seconds/Content/Blueprints/Construction/BaseConstruction/RE_Exit_Elevator_BP.uasset" 608
"../../../../GitHub/42Seconds/Sci_fi_42_seconds/Content/Blueprints/Construction/BaseConstruction/BossCeiling_Edge_BP.uasset" 609
"../../../../GitHub/42Seconds/Sci_fi_42_seconds/Content/Blueprints/Construction/BaseConstruction/BossCeiling_Normal_BP.uasset" 610
"../../../../GitHub/42Seconds/Sci_fi_42_seconds/Content/Blueprints/TempMaterials/Red.uasset" 611
"../../../../GitHub/42Seconds/Sci_fi_42_seconds/Content/Blueprints/Construction/BaseConstruction/LightWallBoss_BP.uasset" 612
"../../../../GitHub/42Seconds/Sci_fi_42_seconds/Content/Scenes/Levels/S1_Level_BOSS_BuiltData.uasset" 613
"../../../../GitHub/42Seconds/Sci_fi_42_seconds/Content/Scenes/Levels/S1_Level_BOSS.umap" 614
"../../../../GitHub/42Seconds/Sci_fi_42_seconds/Content/Scenes/Levels/S1_RELevel_1_BuiltData.uasset" 615
"../../../../GitHub/42Seconds/Sci_fi_42_seconds/Content/Scenes/Levels/S1_RELevel_1.umap" 616
"../../../../GitHub/42Seconds/Sci_fi_42_seconds/Content/Scenes/Levels/S1_RELevel_2_BuiltData.uasset" 617
"../../../../GitHub/42Seconds/Sci_fi_42_seconds/Content/Scenes/Levels/S1_RELevel_2.umap" 618
"../../../../GitHub/42Seconds/Sci_fi_42_seconds/Content/Scenes/Levels/S1_RELevel_3_BuiltData.uasset" 619
"../../../../GitHub/42Seconds/Sci_fi_42_seconds/Content/Scenes/Levels/S1_RELevel_3.umap" 620
"../../../../GitHub/42Seconds/Sci_fi_42_seconds/Content/Scenes/Levels/S2_Level_2_BuiltData.uasset" 621
"../../../../GitHub/42Seconds/Sci_fi_42_seconds/Content/Scenes/Levels/S2_Level_2.umap" 622
"../../../../GitHub/42Seconds/Sci_fi_42_seconds/Content/Blueprints/Construction/Obstacles/MovingPlatform_BP.uasset" 623
"../../../../GitHub/42Seconds/Sci_fi_42_seconds/Content/Scenes/Levels/S2_Level_3_BuiltData.uasset" 624
"../../../../GitHub/42Seconds/Sci_fi_42_seconds/Content/Scenes/Levels/S2_Level_3.umap" 625
"../../../../GitHub/42Seconds/Sci_fi_42_seconds/Content/Blueprints/Construction/BaseConstruction/FakeWall_BP.uasset" 626
"../../../../GitHub/42Seconds/Sci_fi_42_seconds/Content/Scenes/Levels/S2_Level_7_BuiltData.uasset" 627
"../../../../GitHub/42Seconds/Sci_fi_42_seconds/Content/Scenes/Levels/S2_Level_7.umap" 628
"../../../../GitHub/42Seconds/Sci_fi_42_seconds/Content/UI/GamePlayUI/Tutorials/Tutorial_Jump.uasset" 629
"../../../../GitHub/42Seconds/Sci_fi_42_seconds/Content/Blueprints/Tutorials/Tutorial_2.uasset" 630
"../../../../GitHub/42Seconds/Sci_fi_42_seconds/Content/UI/GamePlayUI/Tutorials/Tutorial_Sprint.uasset" 631
"../../../../GitHub/42Seconds/Sci_fi_42_seconds/Content/Blueprints/Tutorials/Tutorial_3.uasset" 632
"../../../../GitHub/42Seconds/Sci_fi_42_seconds/Content/UI/GamePlayUI/Tutorials/Tutorial_Win.uasset" 633
"../../../../GitHub/42Seconds/Sci_fi_42_seconds/Content/Blueprints/Tutorials/Tutorial_5.uasset" 634
"../../../../GitHub/42Seconds/Sci_fi_42_seconds/Content/UI/GamePlayUI/Tutorials/Tutorial_Bonus.uasset" 635
"../../../../GitHub/42Seconds/Sci_fi_42_seconds/Content/Blueprints/Tutorials/Tutorial_6.uasset" 636
"../../../../GitHub/42Seconds/Sci_fi_42_seconds/Content/Scenes/Levels/Tutorial_Level_BuiltData.uasset" 637
"../../../../GitHub/42Seconds/Sci_fi_42_seconds/Content/Scenes/Levels/Tutorial_Level.umap" 638
"../../../../GitHub/42Seconds/Sci_fi_42_seconds/Content/Scenes/Menu/LevelSelect_BuiltData.uasset" 639
"../../../../GitHub/42Seconds/Sci_fi_42_seconds/Content/Scenes/Menu/LevelSelect.umap" 640
"../../../../GitHub/42Seconds/Sci_fi_42_seconds/Content/Character/Explodey_Character.uasset" 641
"../../../../GitHub/42Seconds/Sci_fi_42_seconds/Content/Scenes/Menu/MainMenu_BuiltData.uasset" 642
"../../../../GitHub/42Seconds/Sci_fi_42_seconds/Content/Scenes/Menu/MainMenu.umap" 643
"../../../Engine/Content/Maps/Entry_BuiltData.uasset" 644
"../../../Engine/Content/Maps/Entry.umap" 645
